epoch,categorical_accuracy,loss,val_categorical_accuracy,val_loss
0,0.27169657,1.3800534261335178,0.28380653,0.15111954180029807
1,0.38326606,1.3261625297710975,0.41160357,0.14628248514006753
2,0.41112784,1.3154698008655348,0.41219908,0.14600590496497076
3,0.412079,1.3143028742918912,0.41404516,0.14591625293997448
4,0.4132353,1.3134633808955831,0.41626346,0.14576962963386103
5,0.41393667,1.312720952009798,0.41712695,0.14569980650507863
6,0.4142725,1.3123477936495445,0.41727582,0.14561655545112787
7,0.41485807,1.3121035415828033,0.4160997,0.14568067781360228
8,0.4166529,1.3096869153646729,0.42214414,0.14496458498207077
9,0.41482332,1.3097688893788935,0.42309695,0.14485441579384184
10,0.41824588,1.3066279947285946,0.4168143,0.14482348721191293
11,0.41718885,1.3058597953338147,0.41602525,0.144656427512971
12,0.42141533,1.3015270518643982,0.4188837,0.14427102543011883
13,0.42098856,1.301151241350963,0.4252855,0.1443356649296258
14,0.41931614,1.3024195665779432,0.42300764,0.14428839584815803
15,0.41985047,1.3025078928093217,0.42690825,0.1444341301679781
16,0.42556244,1.2986286384860997,0.43183613,0.14384319877997664
17,0.42650366,1.2980768511310463,0.42701247,0.14385798772869843
18,0.43014953,1.295407210853785,0.42625317,0.14396515252251418
19,0.4281496,1.2976958305759358,0.42571723,0.1442477810645603
20,0.43339345,1.2934169884647524,0.43284848,0.14352063827265216
21,0.43691856,1.2913832981352265,0.43397996,0.14344438739607
22,0.43614438,1.2912817727630004,0.4349179,0.14348963906098122
23,0.4345067,1.2939571055530064,0.43951824,0.14327632899140907
24,0.43316516,1.2930821008939513,0.43247628,0.1439505562721663
25,0.43648183,1.291255479477887,0.44730455,0.14278556027265057
26,0.44068518,1.287765360152134,0.44794473,0.14278674806913536
27,0.44276616,1.286249967958772,0.4414834,0.1430579220039715
28,0.43844703,1.2892088502169914,0.44422278,0.1427746351283506
29,0.43773574,1.2888674256034878,0.44502673,0.1427794415511506
30,0.44003177,1.2873471360989148,0.44380593,0.14264081496929695
31,0.44084728,1.287322826505956,0.4478554,0.14234287391639375
32,0.44381824,1.2838272129965895,0.45022258,0.14218285865314653
33,0.44330874,1.2850093349305618,0.45011836,0.14215204117312186
34,0.4450258,1.2827593671086686,0.45025235,0.14220937423709532
35,0.44482234,1.2841306931921292,0.4514136,0.14224174829808062
36,0.44690168,1.282379109826867,0.45342344,0.14202892316804389
37,0.44971713,1.2822574822248118,0.4563117,0.14198884001530465
38,0.45227453,1.2807497175403402,0.45550776,0.14225189247932327
39,0.44919607,1.2832353441029236,0.45714542,0.14226408813146424
40,0.4547972,1.2798701661736835,0.45963168,0.14210421595248443
41,0.45355323,1.2819034103989908,0.45610327,0.14206799561330205
42,0.4607358,1.2772111156573653,0.4527386,0.14223466700704762
43,0.4537203,1.280801467733527,0.45354256,0.14255027626355943
44,0.45736948,1.2803516445954062,0.46259436,0.1417018173442895
45,0.46916232,1.2743817867178537,0.472331,0.1415760160636794
46,0.46426255,1.2775651744923264,0.46966606,0.14144124747296388
47,0.47317708,1.2731875913389825,0.4789263,0.1412493889149573
48,0.46568352,1.2783568205529192,0.46271345,0.14183001770075002
49,0.47839442,1.2717520306618981,0.46923432,0.14153170187180086
50,0.47372627,1.273725185629609,0.46911523,0.14148776369965466
51,0.47704956,1.2733195223448184,0.48836517,0.14079668198312972
52,0.48190796,1.2705552645375604,0.4820676,0.14106351508605464
53,0.47988984,1.2710925730493006,0.49452874,0.14038147785749505
54,0.48026866,1.271981364248074,0.48141256,0.14118026444297666
55,0.49191424,1.2648672315760325,0.4935759,0.14040478668693285
56,0.48102626,1.270731229444582,0.49644926,0.14036450443716794
57,0.49295142,1.2646732891679129,0.49683633,0.14019670883555796
58,0.49088368,1.2661400998576242,0.5003201,0.14000551533256206
59,0.49486536,1.2633368926765072,0.49513912,0.14030580058467285
60,0.49220538,1.2647579471042956,0.4972532,0.140140104486565
61,0.4917091,1.2656180019982584,0.49500513,0.14040177169998036
62,0.4980166,1.2618755663981667,0.50084114,0.14008118012414505
63,0.49384636,1.2646145803515998,0.500067,0.14008891339056195
64,0.49956825,1.2611297468824048,0.49461806,0.1404262286416513
65,0.49157017,1.2641286350869287,0.49534756,0.14016457806980365
66,0.49713326,1.262191222277695,0.49560064,0.14035241320904665
67,0.49576688,1.2620695800667863,0.498608,0.13997956690779284
68,0.50243336,1.2595789748236292,0.4990695,0.14014467239553707
69,0.4996675,1.2610806537297887,0.4994417,0.14002387897713642
70,0.50484186,1.2579028323523611,0.4949009,0.14023662988073463
71,0.497565,1.2609286140695044,0.49172983,0.14022661220188462
72,0.5016393,1.2602117795621652,0.50527775,0.1397521017022027
73,0.5069708,1.2567079972314525,0.5009603,0.13980631294975945
74,0.50205785,1.2586137801116524,0.49744675,0.13990241715407328
75,0.50713456,1.2570005280446437,0.47188434,0.14124328884225507
76,0.4955171,1.261844343782267,0.47447482,0.14098251576363235
77,0.48662078,1.267467382303664,0.48558116,0.14075270165893186
78,0.48661748,1.2670229486753106,0.5037294,0.13992742013823892
79,0.5050751,1.2587999429933379,0.5035805,0.13974554665306926
80,0.50413054,1.2588129722967147,0.50916344,0.1393914845027681
81,0.5095133,1.2555902570629085,0.49753606,0.13981872146301305
82,0.5049411,1.25701756809206,0.51053315,0.13924942233376125
83,0.50765896,1.255767823869989,0.48666796,0.14040522212324505
84,0.4946751,1.2633112077192008,0.5073918,0.13957407591224238
85,0.5083852,1.2561791589518438,0.48139766,0.1405752448007933
86,0.49867332,1.2614331163208536,0.4943203,0.14011718529002223
87,0.5031281,1.258008709863626,0.49283153,0.14011833622726214
88,0.4989413,1.2600564745073215,0.48785898,0.14017044511662596
89,0.49696454,1.2615124384882102,0.49128318,0.1402383491970045
90,0.4991729,1.2608552505519852,0.510146,0.13944418315585885
91,0.5130517,1.2536505773396127,0.51123285,0.13926939992553058
92,0.51194334,1.2530571369064536,0.5115604,0.13920246272293452
93,0.51496726,1.2518990221726893,0.51282585,0.13904601863806157
94,0.5130401,1.2532407831953456,0.5007667,0.13954372846060747
95,0.50604445,1.2560304900519688,0.5120368,0.13903980977088523
96,0.5134454,1.2525777548996835,0.51474637,0.13896657741013677
97,0.5184543,1.2497526607268126,0.522235,0.13855652794807566
98,0.51722026,1.2513409501170818,0.50847864,0.13933406203164522
99,0.512964,1.2525780475618418,0.5145231,0.13899768865692047
100,0.5205254,1.2492841995063844,0.5130492,0.13918889261177744
101,0.5084348,1.2560676371319095,0.5159821,0.13932953872853857
102,0.51387876,1.252312706624724,0.5076449,0.13931361009986887
103,0.5111824,1.2553631607981146,0.5162054,0.13895526759021837
104,0.51436514,1.2522802291367252,0.5134809,0.1390554651636293
105,0.5020711,1.257643732605761,0.5193765,0.13896761160053828
106,0.52027065,1.2497139316387582,0.51793236,0.13893360298274232
107,0.5083752,1.2550067196956514,0.51343626,0.13929318991978243
108,0.5088616,1.2547336799048936,0.52053773,0.13884781119674816
109,0.515131,1.2518032113149542,0.5224136,0.13860343909133957
110,0.5237428,1.2474593966436067,0.520106,0.13866419673928335
111,0.5217644,1.2483227035391637,0.5207611,0.13865887323788773
112,0.51906306,1.2495545576872598,0.51488036,0.13896355789213818
113,0.50767714,1.2550809057738397,0.52452767,0.13851754119033446
114,0.52383876,1.2472814721652963,0.5236493,0.13853227873581736
115,0.52248394,1.2479994472894609,0.5251679,0.1385500851397869
116,0.5197032,1.2498947071512863,0.5175751,0.13883265148164628
117,0.51944023,1.2489496990820248,0.5225476,0.13869265626963914
118,0.5215841,1.2482992409927594,0.50291055,0.13916287785281317
119,0.51623935,1.250790133981017,0.52859205,0.13830073222702666
120,0.5260835,1.2462171281539678,0.5275201,0.1383273063736402
121,0.5268345,1.2459183359722823,0.52978307,0.13820664901497465
122,0.5276964,1.2454408423664465,0.5274904,0.1384167620474866
123,0.5240356,1.2474223959637807,0.5261058,0.13850239384339355
124,0.5251456,1.246790726405693,0.5289494,0.1383310979532432
125,0.52729607,1.2459034903658361,0.5272075,0.138412165331142
126,0.5269272,1.246364917409627,0.53301376,0.13809122956521064
127,0.52257824,1.248384887382048,0.5108458,0.13930632732286385
128,0.5292778,1.2450132978011534,0.52830917,0.138358205541556
129,0.51380765,1.2537796984975134,0.5231282,0.1385720678947615
130,0.52133924,1.2495890809326784,0.5054713,0.1392084723126988
131,0.5106928,1.2544937252726773,0.50524795,0.1390865217346009
132,0.52414477,1.246841324726403,0.5330882,0.13809048779662247
133,0.5289734,1.2453071121833093,0.53298396,0.1381071448431986
134,0.52881956,1.2454605576042608,0.53447276,0.13799482675877492
135,0.5292149,1.2449839189785559,0.5257634,0.13834874064485828
136,0.52916366,1.2447988869809472,0.5331924,0.13808731050661757
137,0.5313869,1.2438336195158057,0.5260611,0.1382479031845756
138,0.53157216,1.2432665375513543,0.5337879,0.13797557352655992
139,0.5314597,1.243963760730389,0.5276988,0.1382033393018493
140,0.5308377,1.2440281556994892,0.5325671,0.13807099921255872
141,0.52375436,1.2481912605661676,0.5183343,0.13888502381437554
142,0.52926457,1.2447032406309335,0.5257634,0.13827405076433205
143,0.52939355,1.245208042493705,0.5257187,0.1382932294286035
144,0.5237494,1.2474014357901726,0.52726704,0.1382405329134999
145,0.5342536,1.2420747050382623,0.53469604,0.13800337110117614
146,0.53188974,1.2438116651177529,0.5244086,0.13834058919593598
147,0.52628034,1.246007154177487,0.5199125,0.1385494256857113
148,0.512926,1.2532337006666725,0.5255847,0.13853895036895492
149,0.51966023,1.24931505209432,0.532448,0.1381514928332614
150,0.5309386,1.2439591679401776,0.53413033,0.13792288969568559
151,0.5345117,1.2422424613677499,0.536825,0.1378173760616772
152,0.5310445,1.244199809921973,0.53162915,0.13803852278671494
153,0.5372378,1.240582259737515,0.5389391,0.13775165721932014
154,0.5330411,1.2428161927102406,0.5376141,0.13783993274567224
155,0.5325498,1.2432388655479945,0.53414524,0.13802210220762687
156,0.53777045,1.240317870675985,0.53981745,0.13758563308878116
157,0.5366903,1.2409315459474404,0.5383138,0.13773400367997898
158,0.53808314,1.240348047878162,0.5255847,0.13828707270426277
159,0.528277,1.2468708638754737,0.5303935,0.13810601063021935
160,0.53631973,1.2418482891887443,0.5378225,0.13776949320887744
161,0.5260984,1.2467551565260993,0.5065134,0.1388399482130615
162,0.5157083,1.251987847908541,0.53398144,0.13808496884474084
163,0.5324406,1.2428464288118093,0.5378225,0.13778445401206277
164,0.53816086,1.2405772632516583,0.540279,0.1375876972578395
165,0.5333736,1.2429811124376864,0.5325969,0.13802930919065706
166,0.536945,1.2404702332154702,0.5407703,0.13761346983269135
167,0.5384421,1.2400830530245672,0.54056185,0.1375568139974932
168,0.53905416,1.2397932749469205,0.54129136,0.13751812568266894
169,0.518848,1.2502474181960659,0.49704477,0.13966173815137128
170,0.52796596,1.2452117341115683,0.52848786,0.1382752534275474
171,0.5349004,1.2420316449451212,0.53067636,0.1379356485111046
172,0.540126,1.2391841658420972,0.53299886,0.13796192942925756
173,0.5349021,1.2419507144144162,0.52406615,0.13820501032567312
174,0.5348475,1.241533001532429,0.53737587,0.13780295458466574
175,0.5361477,1.240476583241747,0.50511396,0.1391698950419678
176,0.5090832,1.2567040073369815,0.5132576,0.1387188082737543
177,0.53319657,1.2429450206672648,0.5071983,0.1389703779936287
178,0.525445,1.2459189469048668,0.54187196,0.13750351877627331
179,0.5383726,1.240374522445628,0.54144025,0.13752376299002408
180,0.542121,1.2382723895240817,0.5388647,0.13760498961511694
181,0.540705,1.2384816993453518,0.5445518,0.13735516032125566
182,0.53660923,1.24086016923603,0.5407852,0.13758747225666781
183,0.5387911,1.2394992285170472,0.5390135,0.13760162712865168
184,0.5436032,1.2373982958150693,0.5234409,0.1380761863795033
185,0.53698635,1.239880158021269,0.5384627,0.13765796223338106
186,0.54300106,1.2370691968872467,0.5345025,0.1376673345866444
187,0.5402865,1.238678620952839,0.5065283,0.1388627565737707
188,0.51583904,1.2515230316426174,0.5324331,0.13809847920622056
189,0.5306756,1.2439056309102579,0.5263291,0.1381188760568782
190,0.5295557,1.2435630960655988,0.5214757,0.13860379583210267
191,0.5212797,1.2480980407137168,0.5382989,0.13781589350410162
192,0.5316383,1.2434490530240003,0.5341899,0.13790448369241243
193,0.5376464,1.2397547892577694,0.5373163,0.13766231833773762
194,0.53317344,1.242346094789864,0.5318525,0.1378467099697423
195,0.53416926,1.241219450633463,0.54170823,0.13746627983826978
196,0.53726095,1.2406784688320762,0.5279221,0.13811594355509768
197,0.53830475,1.2387971418335042,0.5395346,0.13758453682234129
198,0.5322272,1.2430468820549136,0.53940064,0.13757312333145516
199,0.54131544,1.237615456978918,0.5447751,0.13735130166305493
200,0.54407793,1.2363562653399502,0.54645747,0.13718706645765397
201,0.54460067,1.236165053787915,0.54624903,0.13719425361435125
202,0.5433418,1.2371220496075614,0.53162915,0.13779703185548045
203,0.5344637,1.241262067990802,0.5416784,0.13746855153926588
204,0.54132533,1.2376090783905502,0.5346663,0.1377222181429317
205,0.5405049,1.2378956692578542,0.5430779,0.13739996402852703
206,0.5383776,1.2395738995793526,0.53971326,0.13754450085403583
207,0.54137665,1.2382940336172978,0.54653186,0.1372052336988857
208,0.5433683,1.237169225907964,0.54389673,0.13734095355367898
209,0.5459108,1.2357752783381473,0.53646773,0.13766125158364217
210,0.53701615,1.2399814095938346,0.5262249,0.13805798584414922
211,0.5326209,1.2418895841275857,0.51823014,0.13886649728325867
212,0.51214516,1.2522633024040126,0.53387725,0.1378571737417011
213,0.53884405,1.2395654415359625,0.5460257,0.13726762686444072
214,0.5419854,1.2376142084775537,0.52921736,0.13783045884050138
215,0.5387878,1.2387485173166959,0.54057676,0.1375388871416096
216,0.5404999,1.2384703988322763,0.5440605,0.13744534680561182
217,0.5427182,1.2377306399216284,0.5232622,0.13801655121031337
218,0.5315771,1.2425196716745803,0.5451473,0.13725523306571374
219,0.5454559,1.2357562725729938,0.54449224,0.13720044590995426
220,0.5384652,1.239841282455443,0.54672545,0.13721949670873307
221,0.54421526,1.2359593969111458,0.5456088,0.13719403993035467
222,0.5421144,1.237153123316385,0.5278328,0.13784811403714015
223,0.5213674,1.245435176256101,0.53764385,0.13765320968339892
224,0.51826406,1.249083606645261,0.5329244,0.13809574857010778
225,0.53665715,1.240985362874466,0.5399068,0.13750858164245156
226,0.53955036,1.2382070477629858,0.54571307,0.13721176678748687
227,0.54529876,1.2361300382162017,0.548244,0.13700151520225679
228,0.54572886,1.2358079460187787,0.5441201,0.13725755850163088
229,0.5450142,1.2364235405080415,0.5342197,0.13761422925542452
230,0.5369715,1.2390223201599628,0.5425271,0.1375345761867261
231,0.53399557,1.2434603418088255,0.54607034,0.1372568509093616
232,0.5456974,1.2358164298190952,0.54389673,0.1371853011496049
233,0.54640543,1.2349424781409872,0.5482291,0.1370253787509953
234,0.54874945,1.2340050371895108,0.5502985,0.13689143233447792
235,0.54952854,1.2337501559343347,0.5505516,0.13692087055550908
236,0.5454923,1.2361174664313692,0.54712737,0.137137845157634
237,0.54521275,1.2362984226799238,0.52348554,0.137927702460832
238,0.5206974,1.2459329769435865,0.54479,0.1373125673436658
239,0.54425496,1.2364501616398111,0.5452664,0.13717241144085085
240,0.5462979,1.2353091789104358,0.5487055,0.1370169582791599
241,0.5405214,1.2399724973475097,0.51294494,0.1385585043824055
242,0.5016956,1.257068632648688,0.5327011,0.1382642319590019
243,0.5389416,1.2408667417679,0.54200596,0.1374178200967909
244,0.5409796,1.2387003627997342,0.5467701,0.1372431744175548
245,0.5456412,1.2358939988518225,0.54666585,0.13711657767307625
246,0.53876793,1.2391428806424072,0.53340083,0.1380300597995155
247,0.54398865,1.2363930561482004,0.53835845,0.137716931770053
248,0.53099155,1.2450775930086475,0.5424824,0.1375442159524488
249,0.54258585,1.23712990547365,0.54243773,0.13740119678283033
250,0.54316485,1.2368671854168514,0.5455046,0.1372833344168078
251,0.54475784,1.2363857567098726,0.5411127,0.13762172756778718
252,0.544293,1.2368540841799887,0.5420804,0.13759566230221448
253,0.527349,1.246483066746208,0.54206556,0.13742030034577682
254,0.5406058,1.2387902894113112,0.548646,0.13711641293552926
255,0.5462648,1.2356552232417026,0.54818445,0.13710484986059931
256,0.5498346,1.2332712542569466,0.5432119,0.13733864641278393
257,0.5411699,1.2380944215319312,0.5296789,0.13765348340181685
258,0.5334828,1.240088670983771,0.54438806,0.13734643658435408
259,0.542164,1.2375978905477194,0.5457577,0.13718644953087628
260,0.5474128,1.2345195426953237,0.5483631,0.1370829185575023
261,0.54864025,1.2346223040345512,0.5395942,0.13769590097483697
262,0.5453517,1.2361293271380995,0.54913723,0.13695512076494532
263,0.54777676,1.2345686283401782,0.54668075,0.1371898395018214
264,0.5466668,1.2357412296910169,0.54886925,0.1371055813247283
265,0.54182494,1.2377933959749219,0.53448766,0.13767435761743943
266,0.49868324,1.2612947706754352,0.5198827,0.1389599392380804
267,0.5328062,1.243398968962232,0.54240793,0.13743519347667585
268,0.5447082,1.236200407762959,0.54685944,0.13721863335897377
269,0.5498809,1.2334548695742222,0.5487948,0.13698928298032984
270,0.551325,1.2325918445763449,0.54056185,0.1378791514935616
271,0.54635084,1.2359421521107392,0.5442838,0.13714651896875868
272,0.5425329,1.2368612187526113,0.53911775,0.13795371245774804
273,0.5433881,1.2378921046300146,0.5483333,0.13700476504226566
274,0.5484434,1.2344488168291408,0.54803556,0.13706339663032885
275,0.5482978,1.2340636549816872,0.5475145,0.13716210961860464
276,0.5491464,1.2342589068916785,0.54598105,0.1370952260416827
277,0.5420797,1.2364831762845019,0.54435825,0.13729690190165722
278,0.5476345,1.2349158004839778,0.5504027,0.1369811027839578
279,0.550488,1.2331837288828849,0.54044276,0.13766264646278276
280,0.5459786,1.2361480265523987,0.55134064,0.13692410289475368
281,0.5513201,1.2327139298737488,0.5495392,0.13700472300572497
282,0.553234,1.2316694270859776,0.5453111,0.13706765349628192
283,0.53821874,1.238557825618717,0.5418124,0.13743057097697375
284,0.540801,1.2380029533281645,0.5498072,0.13693399114586813
285,0.55271125,1.2322598013424229,0.5439414,0.1372786525890985
286,0.54988754,1.2338828199933303,0.5470678,0.1371375871794424
287,0.54723585,1.23545251765117,0.54644257,0.1372485420769483
288,0.55171376,1.2328457141164786,0.5522935,0.13680186525697008
289,0.5532009,1.2316584614658148,0.54388183,0.1372885779837026
290,0.5370277,1.24048068934433,0.54546,0.1373614077213102
291,0.54499274,1.236252039085695,0.5363784,0.1374967413256862
292,0.5107457,1.2518745571726602,0.532314,0.1382228353792843
293,0.53192616,1.244446181093423,0.5337581,0.13812660283284547
294,0.5428886,1.238168618775562,0.5489735,0.13704601366323518
295,0.5506898,1.232768913141942,0.546651,0.13716717284552787
296,0.5521439,1.2324597683327152,0.5508345,0.13688432797337102
297,0.55304706,1.2317809731316938,0.54726136,0.13710655795352444
298,0.5534308,1.2320160600922268,0.5544671,0.13673100515492023
299,0.5546847,1.230543335779342,0.5495243,0.13699126360752892
300,0.5499322,1.233740701225658,0.55253166,0.13678608900959252
301,0.55464834,1.2306585062558377,0.55326116,0.1368050184606311
302,0.5519404,1.2328693089040481,0.552487,0.13685117602353525
303,0.5533845,1.2315248884954497,0.5550477,0.13667726803602429
304,0.55420995,1.2313694648240463,0.5532165,0.13678460134269088
305,0.5498131,1.2339849941482748,0.5501496,0.13689387827069824
306,0.54991233,1.2332474783394864,0.5464872,0.1371756339130042
307,0.54769236,1.2344737951780973,0.54147005,0.13746560053619652
308,0.5202491,1.2498370726840478,0.53908795,0.13773187893586325
309,0.5415933,1.2386807911552218,0.5418422,0.1376314984292249
310,0.5402121,1.2388966353249053,0.53777784,0.1377601309993508
311,0.5358284,1.2411851673556449,0.54875016,0.1371035881151892
312,0.54997355,1.2340163020404178,0.54219955,0.13770095873399515
313,0.54834414,1.2346120195536185,0.55357385,0.13672931821328096
314,0.5526335,1.2318627690617032,0.54769313,0.13704805726304764
315,0.5471696,1.234624301671892,0.55095357,0.1368727330649101
316,0.54865676,1.2345694361754764,0.5470976,0.13725898078066054
317,0.5446834,1.2362337057534916,0.5490777,0.1369803784823412
318,0.548981,1.2343065687730483,0.5546457,0.13668992408458253
319,0.5508569,1.232727801984427,0.5467403,0.13707173050398305
320,0.5338765,1.2421545916194456,0.5517129,0.1368388416540946
321,0.5466155,1.2354656293574142,0.55352914,0.13668044025642317
322,0.55196357,1.232438683159704,0.5550477,0.1366332191550218
323,0.55412227,1.2311143134774152,0.5510429,0.13682776863716273
324,0.5506468,1.2331080353848636,0.5531421,0.13676072875337436
325,0.55369055,1.2313243228640118,0.554616,0.13662415340902379
326,0.5533034,1.2310483807088348,0.5525019,0.13679129106051865
327,0.55448455,1.2309178929189848,0.54915214,0.13696904483909084
328,0.5512357,1.232766471249319,0.5538865,0.1366648168838328
329,0.55542743,1.2304035924127632,0.55049205,0.13685854048724275
330,0.5539701,1.2308888231464754,0.55238277,0.13679315572253764
331,0.5550056,1.2307883773635615,0.5505516,0.1368622835645155
332,0.5564018,1.2300586047591116,0.5526359,0.1368234120383761
333,0.55503047,1.2308541801480408,0.54889905,0.13703305582670822
334,0.55087507,1.2327026418640368,0.5549137,0.13663799528610912
335,0.5535582,1.2315753291764955,0.5461448,0.13713590512271995
336,0.5485592,1.2337579729548842,0.54976255,0.13700103258878127
337,0.533357,1.2423659449860176,0.5332222,0.13785056579820154
338,0.52815294,1.245301073861916,0.55209994,0.13683783406906289
339,0.55199003,1.2320395718369077,0.54912233,0.13699034449484532
340,0.5511414,1.2325887516594074,0.5524572,0.13676295070072683
341,0.55594355,1.2297205461289962,0.5498072,0.1370218916321243
342,0.55312645,1.2317765828317666,0.55516684,0.13665876198892862
343,0.5546119,1.230356191625275,0.5556432,0.13662123771451778
344,0.55785084,1.229226223852917,0.55178726,0.13685827714907892
345,0.5556855,1.229543766774539,0.55416936,0.13670333802303372
346,0.55512637,1.2304985238314876,0.5534696,0.13678708966982975
347,0.558314,1.2286393359595211,0.5533654,0.1367753562029928
348,0.5567144,1.2293385266957204,0.5522786,0.1368454045110828
349,0.5574671,1.2294933914897095,0.55528593,0.136636421776511
350,0.5410127,1.2390145280271507,0.5420804,0.1375775667665688
351,0.54462546,1.236755253145168,0.5530676,0.13678569651517203
352,0.5507626,1.2330709720782322,0.5532314,0.13676884511961243
353,0.55478233,1.2306069524771068,0.5546755,0.13665115541784265
354,0.55388075,1.2309718491950505,0.55425864,0.13672798488552185
355,0.552928,1.231833284729923,0.5501347,0.13697864153046896
356,0.5539535,1.2310208730126826,0.55281454,0.13676575787619583
357,0.5548865,1.2303488846093893,0.55256146,0.13676093098109054
358,0.5539734,1.2308675162455196,0.51039916,0.13938059931554186
359,0.50034904,1.2653203783516642,0.5207908,0.13922967202493125
360,0.5346126,1.2443047917334644,0.53561914,0.13823028174991156
361,0.5438116,1.2392508466044292,0.54511756,0.13751959773894443
362,0.54845995,1.2363153793153108,0.5508494,0.13713602873704112
363,0.5503788,1.2346435432630187,0.5527699,0.13699559831081715
364,0.551679,1.2338998759799136,0.55266565,0.13693816319344562
365,0.55095446,1.2341648526865976,0.55297834,0.13683431367811463
366,0.55437535,1.2318578340545316,0.55530083,0.13672801785718103
367,0.5558675,1.2305601174307161,0.5552264,0.13673304862522362
368,0.55533314,1.2309392098391645,0.5565365,0.13658826788808456
369,0.5536029,1.2317133588108333,0.5561494,0.13661559345777538
370,0.557343,1.2296141411636126,0.5576084,0.13651556831965955
371,0.5514904,1.233196919496476,0.556075,0.13660358077723872
372,0.5573943,1.229518645445867,0.55704266,0.1365277705989385
373,0.55577815,1.2300382848992872,0.55732554,0.13657036403260933
374,0.5561338,1.2300976934938022,0.55501795,0.13665173620918716
375,0.5546053,1.2307700586262016,0.5541842,0.13668645680626443
376,0.5487312,1.234354650944783,0.54423916,0.13744492748705436
377,0.5445031,1.2359505073367636,0.55516684,0.13668013006322244
378,0.5542149,1.2315811422998444,0.5539609,0.1367499038428081
379,0.55516446,1.2301321348167498,0.54901814,0.13683982869771416
380,0.5345911,1.2410947198437645,0.5507154,0.13697297419098584
381,0.55383116,1.2316314834123805,0.55184686,0.1369225504134104
382,0.554119,1.2305185637199723,0.54787177,0.13712393569652595
383,0.5498114,1.2329101191558978,0.5555092,0.1366448460949997
384,0.5536575,1.2305813548619764,0.543867,0.13738882526632618
385,0.5467925,1.2351879527297183,0.5523381,0.1368871178222812
386,0.5503788,1.2333460075152027,0.5512662,0.1369166389276339
387,0.5549262,1.2304224592827109,0.55209994,0.13689859740460072
388,0.55411565,1.2308729936166563,0.5538865,0.13671935832569923
389,0.5533895,1.231192254537983,0.55312717,0.13681635482912263
390,0.5557401,1.229774141446433,0.5536036,0.1367476151997311
391,0.55552506,1.230001321939955,0.5540651,0.1367333884437955
392,0.55615366,1.2293314080638498,0.5564323,0.1366006539605205
393,0.5590204,1.2280103226959254,0.555673,0.13662241690748347
394,0.55921394,1.2281135430412902,0.5568343,0.13658549879234877
395,0.55497086,1.2298079883873938,0.5561494,0.1365855012377946
396,0.5574952,1.2291306179813337,0.5553157,0.13661114317014383
397,0.5559849,1.229729554263518,0.553946,0.13668094241212547
398,0.5558211,1.2300942747643173,0.55658114,0.13654936914555665
399,0.5576011,1.2286580876414859,0.5458917,0.13721361839101293
400,0.53524446,1.2431244549512876,0.5498072,0.13701217663185108
401,0.5452822,1.2359796451004408,0.5473507,0.13704164302762278
402,0.5435949,1.2356682803899992,0.553023,0.1367622797376512
403,0.5560147,1.2301548953897603,0.55241257,0.13681042689838163
404,0.55134654,1.232931926746913,0.5467701,0.1372280807924362
405,0.5423394,1.2378466773747232,0.55180216,0.13681581638724521
406,0.5523258,1.231537640067371,0.54318213,0.13750013618975762
407,0.5462615,1.2353560412966265,0.5543629,0.13669799007432348
408,0.5519718,1.2322600416705425,0.55108756,0.1369897222529384
409,0.54908687,1.2338330246612277,0.5549286,0.13662168211324768
410,0.5536227,1.2312042055064156,0.5498519,0.13700553732985218
411,0.5507775,1.2326268694880833,0.55278474,0.1367189022470048
412,0.551325,1.2319876946103356,0.55430335,0.13665733529598434
413,0.5562066,1.2295322059826328,0.5558368,0.1366004742715452
414,0.559869,1.2271501201256725,0.55723625,0.13654581896662088
415,0.5617812,1.226572690153548,0.55710226,0.13654154249838354
416,0.561596,1.2265310644826932,0.5575786,0.13651773620370844
417,0.5610997,1.2268429663629492,0.5574149,0.1365077554217393
418,0.562036,1.2263092838812173,0.55603033,0.13658694687515657
419,0.56120723,1.2266505072218463,0.5583081,0.13649842668443127
420,0.56074077,1.2269814017654572,0.5559112,0.13660695506145373
421,0.5613346,1.2265874053377803,0.5546755,0.13669111953747887
422,0.5617118,1.2265455084951173,0.5521297,0.13687163886635992
423,0.55344075,1.2315196473538494,0.5479313,0.13718015120978588
424,0.547608,1.234963593355441,0.5488395,0.13705184244889992
425,0.53358203,1.2432269298076435,0.54659146,0.13727603025866775
426,0.5362453,1.241190713180025,0.54303324,0.13744975929370173
427,0.5472259,1.234742983156187,0.5519957,0.1368645126615947
428,0.54847646,1.23362978493236,0.5500156,0.1370114757020102
429,0.55266494,1.2316723004699084,0.5556432,0.1366141874652779
430,0.556463,1.2297553602042457,0.5522488,0.13682005775465986
431,0.5538758,1.230342002327249,0.55150443,0.13681510843927078
432,0.55661684,1.229289790710609,0.5524572,0.1367822319440755
433,0.556458,1.2292886017060571,0.55574745,0.1366161086521958
434,0.55821973,1.2283545433344638,0.555941,0.1366286504008037
435,0.55931485,1.227842152789133,0.5563876,0.13662531075935336
436,0.5578856,1.2282197115058766,0.55546457,0.13666372036623955
437,0.55816185,1.2284383176230746,0.5571618,0.136599773158073
438,0.56004596,1.2273461757290807,0.5563876,0.1365979198131063
439,0.5583703,1.2283950807258284,0.5583677,0.13652321910087672
440,0.5595927,1.2275864060488177,0.5584868,0.13650862081328993
441,0.5588401,1.22807372022171,0.5575042,0.13659003144329007
442,0.5602594,1.2273970591342642,0.557266,0.13656497951328503
443,0.55831236,1.2284389063919428,0.55894834,0.13640097401988993
444,0.5596821,1.227717783879806,0.5549137,0.13669962031078842
445,0.55536294,1.2304591169652659,0.55854636,0.1364753230005761
446,0.5603537,1.2272557510274675,0.56025845,0.13634080299362328
447,0.56128496,1.226604204903601,0.55692357,0.13657146260453001
448,0.55961424,1.2280153845336226,0.53972816,0.13781938232963398
449,0.5334348,1.2441224685188765,0.550105,0.13718086707775037
450,0.5533183,1.231936884243524,0.5572809,0.13655131115126523
451,0.5569973,1.2290492466360314,0.55265075,0.13683352753902941
452,0.5533961,1.2316410650701288,0.557132,0.1364925285894488
453,0.557075,1.228933947084752,0.55415446,0.13674832512917004
454,0.5559006,1.2295890986038993,0.55896324,0.1363979642941782
455,0.56118244,1.2264539230719849,0.55765307,0.1365046440211801
456,0.5604331,1.2269485351596678,0.55717665,0.1365294152757807
457,0.5604811,1.2269651311246126,0.55704266,0.13650848634060844
458,0.5616737,1.2261952490305097,0.5584719,0.13646224537087726
459,0.56242967,1.225683277601305,0.560318,0.1363294818605711
460,0.5625025,1.2258509040308145,0.55866545,0.13637700405766778
461,0.56325513,1.2251190354378607,0.5609433,0.13631393176105946
462,0.5538526,1.230929217944825,0.54392654,0.13746184703633071
463,0.5506369,1.233106009474126,0.5593056,0.13647744968757738
464,0.56010884,1.2276709062507627,0.5598416,0.13635670987149828
465,0.5607027,1.227122470230306,0.5579806,0.136534547727213
466,0.55846786,1.2277045074128998,0.5568789,0.13655856848806994
467,0.5605985,1.2268070790095957,0.5590823,0.1363732955707966
468,0.5626828,1.2255414160148643,0.5586059,0.13641553263218334
469,0.5631145,1.2252006937382531,0.5603329,0.13630478673501983
470,0.5620095,1.2260832295724717,0.5575042,0.13648303708844312
471,0.5632022,1.2252809560358306,0.5607944,0.13631593961754765
472,0.56365544,1.2248873861874756,0.5578466,0.1364960396355815
473,0.56339407,1.2248844516187523,0.5573851,0.13647221730263528
474,0.56142557,1.2263973017768262,0.5610624,0.1362561734713115
475,0.5618772,1.225698328578955,0.55620897,0.13666426276787227
476,0.54959804,1.2340709918878856,0.55589634,0.13661814634655828
477,0.5590981,1.2275875040021638,0.5588739,0.13647568184683712
478,0.5624727,1.2256793406748712,0.5558219,0.1365976310489582
479,0.559955,1.2267827797045223,0.5614793,0.13619867439141256
480,0.5621038,1.2256993744630578,0.5574,0.13648088489832347
481,0.56032056,1.2264134145348922,0.5600947,0.13630222261000746
482,0.5622047,1.2258871494831778,0.5565365,0.1365614872398488
483,0.55842817,1.2272693353770696,0.5611666,0.136284834666635
484,0.5628796,1.225475069780869,0.56070507,0.136262570519683
485,0.5629971,1.2255194948104353,0.55547947,0.13664655613554505
486,0.5550271,1.2308577315165485,0.56027335,0.13640265977124794
487,0.5605505,1.2273723760155386,0.5597076,0.13636782515631768
488,0.5614934,1.2265609685349936,0.5597076,0.1363612265124222
489,0.56324023,1.2249845576259284,0.561911,0.13617886753213207
490,0.5637514,1.224951485806848,0.5574,0.13654493071738846
491,0.5544465,1.2296304254014863,0.5591121,0.13637595392421623
492,0.5622196,1.2260737290248696,0.5584273,0.1364393277701007
493,0.55916595,1.227901542596272,0.5576084,0.13655680344080212
494,0.54133695,1.2387418484378496,0.55192125,0.13683232592424432
495,0.5463409,1.2351704051050407,0.5565216,0.13654286418392503
496,0.5589344,1.2272663965446229,0.55472016,0.1367121474538511
497,0.55682856,1.229103413142354,0.5521446,0.13684149823307723
498,0.55816185,1.2279609192060783,0.55748934,0.13644583728367057
499,0.56018823,1.2273442175476321,0.56083906,0.1363141630701549
500,0.5643552,1.2245262844310538,0.56258094,0.13619340639218377
501,0.5635546,1.2250403156792555,0.56101775,0.13623623100715654
502,0.5629607,1.2252664648593656,0.5625363,0.13620036578152783
503,0.5608549,1.2266596473896658,0.56158346,0.13625844007165858
504,0.5624264,1.2259194783484206,0.56258094,0.1362000154891765
505,0.56214184,1.2259742731311691,0.56244695,0.13621939861953497
506,0.56424105,1.2252109946662622,0.5593652,0.1364034899876628
507,0.56204426,1.2256313752238488,0.5286516,0.13809378219308152
508,0.48946437,1.2681800928678901,0.50609654,0.13994090066554102
509,0.5180325,1.253564943124168,0.5286963,0.13850817694889006
510,0.53264076,1.244468406055213,0.5400408,0.13780430218238043
511,0.54192084,1.2397536776898341,0.5438223,0.13752236205740168
512,0.54590255,1.2373717916979678,0.545058,0.13743844474375677
513,0.5481043,1.2359069729616048,0.5488544,0.13717915924293606
514,0.54827464,1.2357765615978782,0.5442987,0.1374553254491937
515,0.5503639,1.2341647844632193,0.5510429,0.137116888339074
516,0.55268145,1.23308854081087,0.5534547,0.136904255315256
517,0.5524185,1.2325932952169834,0.55489886,0.1368049585730728
518,0.5542844,1.2315990744595295,0.5562536,0.13667445053958607
519,0.55469793,1.231099948001359,0.55778706,0.1366103676957556
520,0.5567541,1.2301975170899377,0.5575042,0.13662610975670697
521,0.5495567,1.2344513455650958,0.5588441,0.13655551796264154
522,0.5562678,1.2300795581219068,0.55823374,0.1365854389565949
523,0.55407596,1.2313878286645226,0.5562536,0.13666834288543517
524,0.55482364,1.2307509265011563,0.55588144,0.136752374490607
525,0.5492672,1.2340442087933283,0.5568343,0.1366631546016666
526,0.55692285,1.2295273393072426,0.55856127,0.13649975492995717
527,0.55700225,1.2292068547617656,0.5590376,0.13644007955228657
528,0.54991233,1.2329790016485074,0.5589781,0.13650738906946003
529,0.5552637,1.2304179912187394,0.5566407,0.13659554337881316
530,0.55929,1.2275830398940133,0.55708736,0.13660461924144718
531,0.5600774,1.2274592074290882,0.5604818,0.13639147794209575
532,0.5483557,1.2345932483564566,0.5524424,0.13693364687220747
533,0.5569063,1.2295370783157074,0.56037754,0.1364125541939464
534,0.5608615,1.2267464817778944,0.558993,0.13643306197597166
535,0.5539453,1.230814048147845,0.5537822,0.13683038152838098
536,0.5571131,1.2291281871374458,0.5545862,0.13671630290640363
537,0.5587077,1.2273726523530333,0.55893344,0.13649531909202967
538,0.56222457,1.2263317581582402,0.5465021,0.1372218162913137
539,0.55390394,1.230254515874735,0.55271035,0.13664548738727078
540,0.54348576,1.235122033744544,0.5436734,0.1373205412703013
541,0.5500811,1.2328764786488073,0.55644715,0.13659956310182386
542,0.56012374,1.2270439207162218,0.55792105,0.13654542837907443
543,0.56175315,1.2261789240045282,0.5600351,0.13638182438356883
544,0.56339407,1.2252532067384896,0.5613006,0.13631743025619233
545,0.5638043,1.225372098939333,0.5600947,0.13636223441419185
546,0.5629508,1.2254959951035558,0.56112194,0.13641385929552508
547,0.55647624,1.2293828179106938,0.5577126,0.13651217171473784
548,0.5543059,1.2306193450167389,0.55558366,0.1366352971621315
549,0.56339246,1.2252408898068239,0.5614793,0.1363050313624861
550,0.55798155,1.2284601954984558,0.55644715,0.1366186003593124
551,0.5604728,1.227015241065847,0.5609582,0.13630301044191445
552,0.564514,1.2243585608228447,0.5605115,0.13632169960052
553,0.56506485,1.224064729059255,0.5622088,0.13621460288350482
554,0.56197315,1.2259248577855235,0.5548095,0.13671880465899297
555,0.5580113,1.227958008398589,0.5578913,0.13648404653167848
556,0.5616307,1.2259379464964546,0.5623725,0.136201304427575
557,0.566896,1.2229773659910101,0.5596034,0.13633750601893269
558,0.56595814,1.2235890908083102,0.55981183,0.13630968481923597
559,0.56672895,1.2231137997554737,0.5594396,0.13637100101626706
560,0.5654519,1.2236687506540922,0.5622832,0.13623082635803044
561,0.55987066,1.2272350652136021,0.56115174,0.13625121906129178
562,0.56464964,1.2246325936643154,0.55763817,0.13650333275895676
563,0.56481504,1.2238920332758552,0.56506723,0.13604993333788595
564,0.5663369,1.2235673973060341,0.5633998,0.13618800356387098
565,0.56599945,1.2234789980061718,0.5622088,0.13619257042119953
566,0.56725335,1.2227333365551913,0.5592312,0.13639723335117987
567,0.5640243,1.2246524589074355,0.56115174,0.1362905304863284
568,0.5661583,1.2230746134451767,0.5606158,0.13629368740520015
569,0.56431055,1.2240873697837154,0.55999047,0.13634358561652846
570,0.56431055,1.2240888449263414,0.5607795,0.13625926227523166
571,0.5657778,1.223403321918365,0.5601989,0.13635969855400223
572,0.56463474,1.2239690935911247,0.56246185,0.13618532466026317
573,0.5655165,1.223385420464297,0.55955875,0.13642297254955718
574,0.5675776,1.2225033631048823,0.5610326,0.13631158385292505
575,0.5669341,1.2225201675509922,0.55938005,0.13641396138448295
576,0.56812346,1.222049101781755,0.5606158,0.136299081567884
577,0.56809866,1.2221109830238936,0.5622534,0.13623646952415017
578,0.5693343,1.2214922830005388,0.56316155,0.13618359893312637
579,0.56841624,1.2222045889452224,0.562968,0.13617527062399556
580,0.5691937,1.2215393311349674,0.5631467,0.13618923711651304
581,0.5687091,1.221909381849743,0.563504,0.13617034223984936
582,0.5672087,1.2225865514571757,0.562834,0.1361572407145737
583,0.5697181,1.2214748354223581,0.561911,0.13624358562333763
584,0.56781745,1.2225771925233484,0.55942476,0.13636310588856368
585,0.567829,1.222398001160812,0.5606158,0.13634110872416766
586,0.5677612,1.222187030803745,0.5608986,0.13633162428510842
587,0.5671756,1.222346784108589,0.56402504,0.13612245683345037
588,0.5638523,1.2244335468114398,0.5536036,0.13667011523228806
589,0.53703266,1.242885053694306,0.55661094,0.13662358473403705
590,0.55463344,1.2297992490340457,0.559782,0.1363660354082957
591,0.56525344,1.2240217457049576,0.5619557,0.1362360128027759
592,0.5596655,1.2267702281119937,0.5622683,0.13613753044221785
593,0.5666843,1.223298031202971,0.5616281,0.1362621373451457
594,0.5686214,1.2219210964294582,0.5631318,0.13616168056376773
595,0.5687934,1.2215589513973883,0.56462055,0.13604332869002692
596,0.56857836,1.2218125002896472,0.56256604,0.13613500880052012
597,0.56265634,1.2254835456481799,0.5570278,0.13657568899090364
598,0.56487626,1.2238966260366522,0.5593652,0.13640963465285844
599,0.56678027,1.2224066549486519,0.5622385,0.1362787188575219
600,0.5693327,1.2213078215165478,0.56201524,0.13627401594199556
601,0.56902003,1.221420258194991,0.5640102,0.13612843417315634
602,0.5702276,1.2210184964156143,0.5568491,0.13658205422385092
603,0.56773144,1.2220368495644442,0.5627745,0.13618509472805188
604,0.5693261,1.221247420204516,0.5629978,0.13621094147381346
605,0.56744194,1.2223276308163105,0.5604966,0.1363432553402351
606,0.5682856,1.221913335961978,0.55747443,0.13657758073913648
607,0.567877,1.2220679971817165,0.5600351,0.13634063981657588
608,0.5675247,1.2219041083442772,0.5587101,0.13648113094108244
609,0.5685602,1.2215818234108087,0.5613453,0.1362486805645565
610,0.5505922,1.232645383776606,0.5565216,0.13665548246225492
611,0.5623652,1.2256164840167103,0.5394751,0.1376835451523968
612,0.53532225,1.2437648468515714,0.55278474,0.13684920853025953
613,0.5559535,1.229454555117897,0.55437773,0.13673456126779346
614,0.54234767,1.2381547228687202,0.54744005,0.1371979122737174
615,0.5560643,1.2292482331586598,0.5593205,0.13648910231837802
616,0.558496,1.227646168350944,0.55818903,0.13649330962677958
617,0.5625273,1.2244166070581357,0.56013936,0.13638309254911718
618,0.5647125,1.2232511694282746,0.55967784,0.1363923874114713
619,0.56522036,1.2228756787502626,0.56088376,0.136254657621341
620,0.5658605,1.2226839628468102,0.558993,0.13644539458614618
621,0.5656372,1.222772034397769,0.56012446,0.13637835963846492
622,0.566552,1.222310852335248,0.5584421,0.13647025325547257
623,0.5654685,1.2230090998611238,0.5598863,0.13640172653427526
624,0.56709456,1.222256909352239,0.5561494,0.13663080949443743
625,0.5648829,1.2234530269803339,0.55777216,0.1365170764190553
626,0.56658506,1.222571854490158,0.5584273,0.13632808108615915
627,0.54284394,1.2375688605885784,0.551162,0.13689182663544025
628,0.5517121,1.2322671974978818,0.55498815,0.13670587944855106
629,0.55786574,1.2278894346994507,0.54772294,0.13709652044613463
630,0.5568881,1.2283403551746057,0.55692357,0.1365621756049255
631,0.56401277,1.2242071537570383,0.55865055,0.13649975883197285
632,0.5643618,1.2236373904673414,0.5543629,0.13671182614607313
633,0.5643006,1.2242986613385327,0.55342495,0.1367778896346389
634,0.5571528,1.228389244747266,0.5571469,0.1365603422309043
635,0.561591,1.2255359074740064,0.5559708,0.13670452331021954
636,0.56348836,1.2243360245735546,0.5572809,0.1365736754880985
637,0.5648018,1.2238167370787179,0.55644715,0.1366259636387095
638,0.56513596,1.2234772218649455,0.55781686,0.13657932513752816
639,0.5646513,1.2237241194161836,0.5581444,0.13657879280680882
640,0.5653593,1.2235798857760831,0.55586654,0.13663288651350713
641,0.56462646,1.2238486280892718,0.5545415,0.13676167484691962
642,0.5650847,1.2237127290096588,0.5569831,0.13661129102034633
643,0.565088,1.2236215596239446,0.5582635,0.13658086918029444
644,0.56604415,1.2232437428162086,0.5555241,0.13667898875121945
645,0.56488454,1.2236971492131532,0.556864,0.13663242169407427
646,0.56633526,1.2230278342549066,0.55719155,0.13662670880804467
647,0.5657414,1.2234877208511419,0.5584124,0.13657461281838482
648,0.56681997,1.2229015203208917,0.5590525,0.1365269175949908
649,0.565227,1.2236632235625697,0.5545862,0.13676491296286583
650,0.5658125,1.2234489891901335,0.55662584,0.13666750230825178
651,0.56699693,1.2229185078534075,0.55891854,0.1364948607456528
652,0.564777,1.2238713586010606,0.5579806,0.1366057640848077
653,0.56635016,1.223070253477922,0.55780196,0.13651298454352215
654,0.5578343,1.228279183852496,0.54243773,0.13753158117993097
655,0.55000496,1.2333377478470315,0.5578764,0.1364731572928595
656,0.5548518,1.230252859705106,0.5594545,0.13641703797443117
657,0.5607854,1.2260840964698292,0.56101775,0.13625535833230376
658,0.564117,1.2238378041432978,0.5630127,0.13622928197989245
659,0.5655925,1.2232149588586565,0.56334025,0.13626691334785315
660,0.5654817,1.2233830012928735,0.56322116,0.1362114469606329
661,0.5668117,1.2227669631803624,0.56198543,0.13632657297255532
662,0.5628399,1.2250865630771324,0.5579955,0.136502219184778
663,0.56629556,1.2230062781714004,0.56231296,0.13624216503924153
664,0.5675875,1.2222874338180099,0.56055623,0.1363678620292833
665,0.56739396,1.222426848192411,0.5604818,0.13638329880039826
666,0.5671872,1.2223632634759953,0.5603031,0.1363985307099733
667,0.56756765,1.2222685866733458,0.558323,0.13649000910842515
668,0.5666661,1.2225742865544351,0.559782,0.13640038404572416
669,0.56602097,1.2231007055943455,0.55218923,0.13689046995348922
670,0.55461854,1.2306170680406625,0.5616281,0.1362678099130753
671,0.5659515,1.2235898216783228,0.5616281,0.13626539423406966
672,0.56786704,1.2221479091880878,0.5614048,0.1362810976123914
673,0.5682773,1.2218108697940255,0.56101775,0.13633750526839267
674,0.5671078,1.222276360863501,0.56100285,0.13633291907591236
675,0.5683104,1.221721394564814,0.56244695,0.13626262129656982
676,0.5680209,1.2219725053556376,0.5617621,0.13629502035362018
677,0.56681,1.222867247750688,0.5610475,0.13632963678414273
678,0.5683071,1.2214932829249512,0.5614941,0.13629799200489212
679,0.5673923,1.22244208998972,0.5620897,0.13622408030668096
680,0.5694849,1.2209638533464378,0.56317645,0.13621494151464816
681,0.5691871,1.2213952368099281,0.5626852,0.13620785228257057
682,0.5697512,1.2208989285878002,0.56200033,0.13626234908776233
683,0.56720537,1.2226768713002776,0.5604371,0.13631229336091574
684,0.5682773,1.22228170975626,0.5618068,0.13622643901991321
685,0.56856346,1.2217434832363023,0.5515193,0.1368866522558544
686,0.54957986,1.2336165435225945,0.56198543,0.13627578386888373
687,0.5624347,1.225852775031741,0.5635933,0.13622159337383172
688,0.56714255,1.2226065382809477,0.5628192,0.13620301983652
689,0.56948155,1.2213207276456222,0.56334025,0.1361678283708943
690,0.56883806,1.2216204348429691,0.56161326,0.1362404814228951
691,0.57025903,1.2207913689781198,0.5612262,0.13628935470081754
692,0.569915,1.2211644434673115,0.5625214,0.13623022633535298
693,0.57015485,1.2208320269506738,0.5628489,0.13619344266295424
694,0.5706048,1.2205808721955986,0.56316155,0.13618286784563827
695,0.5706279,1.2206083912012236,0.5629234,0.13617514250973078
696,0.5555019,1.229790022092754,0.55747443,0.13657195233094813
697,0.5611907,1.2269371768626736,0.5505516,0.1367980181499578
698,0.5390773,1.238618903910728,0.5501347,0.13709355796305986
699,0.5587392,1.227688194433341,0.55603033,0.1365827409172714
700,0.5601667,1.2260761027046376,0.5611815,0.1362632071160174
701,0.5691987,1.2216594607019078,0.5638315,0.13610315008516471
702,0.5707801,1.2206385678478198,0.56476945,0.13606360922044114
703,0.57124,1.2203712213167097,0.5635933,0.13614295513019187
704,0.57168996,1.2199952729380872,0.5638315,0.13611520652546896
705,0.5713045,1.220338618619412,0.5630127,0.13613803170517255
706,0.5716568,1.2201128408643966,0.5626852,0.13614188691897983
707,0.57162875,1.2201441272388034,0.5603478,0.13627979954746117
708,0.5712185,1.2203389608524107,0.5638613,0.13611410489013023
709,0.57133925,1.220401739948499,0.56197053,0.13619360327190116
710,0.5719463,1.2199529589993974,0.56405485,0.13610757084328803
711,0.5722077,1.219858669260334,0.563102,0.13617118256116845
712,0.5720274,1.2199051326824477,0.5635784,0.13613605312060875
713,0.5718322,1.2199436324598645,0.5638315,0.13612350438494997
714,0.5725071,1.2197084082567957,0.5638464,0.13612975897436008
715,0.5711308,1.2203562286362124,0.5621939,0.13626601218327836
716,0.57258815,1.2197722892951426,0.55967784,0.13634508179090005
717,0.5707222,1.2205186212448724,0.56378686,0.13619323134642944
718,0.570398,1.2207970571704676,0.558457,0.1364433887629071
719,0.5702475,1.2209233059418083,0.5643675,0.13611006078015556
720,0.57138723,1.2201740206432061,0.562968,0.13618916766776906
721,0.57282966,1.219501976253645,0.5652161,0.13610718086740614
722,0.57286114,1.2194201961670785,0.5644717,0.13610634095807778
723,0.57033515,1.220849652629865,0.56256604,0.13622652907834817
724,0.56779265,1.2222713496711015,0.5644717,0.1360932048050419
725,0.5696586,1.2214195507899743,0.56186634,0.13629797114627842
726,0.56978923,1.2215995057511553,0.563504,0.13617361306182785
727,0.5667422,1.2229872473528622,0.56040734,0.13633156446651834
728,0.56625587,1.2239209007926997,0.5552115,0.13661366488259669
729,0.56886125,1.221380785896482,0.5593205,0.13638762556840275
730,0.5711821,1.220460160069886,0.5575935,0.13647253429021414
731,0.5708413,1.220249917045408,0.56086886,0.136313511280209
732,0.5716701,1.2203982660916024,0.5571469,0.13651924047842076
733,0.56879675,1.221204679396035,0.5546755,0.13664190630110662
734,0.56942695,1.2215764832554559,0.553023,0.1367197606908006
735,0.56970155,1.2207591354639404,0.55035806,0.136910975243934
736,0.56628567,1.2223351597018888,0.55221903,0.13687848880531267
737,0.5539122,1.229002634851329,0.5603329,0.13629170944293123
738,0.5636505,1.2244627907276808,0.5627596,0.13628563268118254
739,0.56467944,1.223788826213848,0.56319135,0.13620333662797107
740,0.5696073,1.2210111293079045,0.5626405,0.13621624352000264
741,0.5702822,1.2206891192887455,0.5619557,0.13624865196308228
742,0.57084465,1.220117955807822,0.5642484,0.13613016188439242
743,0.5711854,1.2203627318766497,0.56332535,0.13611390763978243
744,0.5624148,1.2249307903986857,0.558725,0.1365420153280511
745,0.5668166,1.2228832159004581,0.5604966,0.1363337788475772
746,0.5691193,1.221274889466363,0.562045,0.13625456725000737
747,0.5710613,1.220214092714182,0.5611964,0.1362811252388134
748,0.5709505,1.2202046298865032,0.5619408,0.136254613947856
749,0.57221264,1.219731935182647,0.56171745,0.13626537342899184
750,0.57209027,1.2196856202612565,0.56232786,0.13623029435154532
751,0.57274365,1.219303652670846,0.5606604,0.1363426242397451
752,0.57184047,1.2197674187171186,0.5629085,0.13620462832784017
753,0.57246244,1.2195372627659697,0.5622385,0.13623152603554362
754,0.571283,1.220060822907629,0.56249166,0.1361742641875995
755,0.57136077,1.2201681709572463,0.5619259,0.13624450372382432
756,0.5729256,1.2191529411670634,0.5636231,0.13618458008240567
757,0.5719298,1.2198452251321308,0.5616281,0.13626555842106747
758,0.57221925,1.2196093259812262,0.5590525,0.13642828862842382
759,0.5709869,1.2205998200510608,0.5602138,0.13632825008762373
760,0.57232016,1.2194606756743627,0.56231296,0.136220349284825
761,0.57245916,1.2198874564448714,0.5620897,0.136251593148963
762,0.57276684,1.2193355703451711,0.56308717,0.13622829365979225
763,0.57179415,1.2200299345304209,0.56289357,0.1362473109385458
764,0.5480745,1.234925816185702,0.5410532,0.13774781607370262
765,0.5537203,1.2312398428084101,0.5531123,0.13664680351992553
766,0.54993546,1.2315805287127817,0.55561346,0.1366336993978004
767,0.55574507,1.2283993758837641,0.5577275,0.13647175668066772
768,0.563366,1.224384293799054,0.54216975,0.13741491611942183
769,0.53711706,1.2429039755328648,0.5509982,0.13712373773454595
770,0.5536492,1.2310801443583859,0.5572958,0.13661071987527745
771,0.55965394,1.2272586380772095,0.5590674,0.136416123489762
772,0.5620807,1.2256819573662712,0.5584868,0.13650378968697421
773,0.5631542,1.2246043555751873,0.56110704,0.13627848442228446
774,0.56549656,1.2234916928903756,0.56025845,0.13636047841375026
775,0.568676,1.2214496404209982,0.5613602,0.1363353357857803
776,0.5692715,1.2211711711202835,0.56112194,0.13632123213965622
777,0.56846756,1.2215922984906635,0.5605115,0.13636086404035122
778,0.5702375,1.2205349348844847,0.5604371,0.13633138804787368
779,0.5700589,1.2207157269041229,0.56071997,0.1363195127786067
780,0.5707371,1.220124196159833,0.55999047,0.1363929580859223
781,0.5670714,1.2225948138621099,0.5629383,0.13627545334899271
782,0.5682161,1.2218285208115554,0.5597671,0.136372730526834
783,0.56994474,1.2210239176607638,0.5610624,0.13630840323771845
784,0.5706726,1.2205209980067715,0.5602287,0.1363697749913635
785,0.5696023,1.221107875512944,0.56186634,0.13626505106943165
786,0.5714385,1.2200944263068612,0.5583528,0.13651834880109098
787,0.5681268,1.221849848097278,0.56073487,0.1364071773551628
788,0.5677116,1.2222234490273691,0.5584421,0.1364930618409951
789,0.56905645,1.2212388089578692,0.5604818,0.1363978166987346
790,0.5688579,1.2214981619016698,0.559127,0.13648245281240268
791,0.5690465,1.2213493486752198,0.5590228,0.13647661281062404
792,0.5665222,1.222870052702549,0.55780196,0.1365123730792954
793,0.56723183,1.2222076176610388,0.56183654,0.13629817115239537
794,0.56675214,1.2228014669687788,0.55881435,0.13649444174685244
795,0.5667637,1.2227309018488612,0.5606902,0.1364376314091545
796,0.56657183,1.2229285890895456,0.5608986,0.13638763787810693
797,0.5666115,1.222888017562656,0.5615388,0.13633084963037106
798,0.566724,1.2229023869559266,0.55981183,0.13639787208350052
799,0.5668365,1.2227262107061552,0.5607646,0.1363529820411391
800,0.5669358,1.2225947202186151,0.56040734,0.13637936498572412
801,0.5674684,1.2226022060649173,0.5590079,0.13644649754646163
802,0.56735426,1.2225667169251246,0.5613304,0.13641015433821269
803,0.5676156,1.2225673121331926,0.56027335,0.13639352960039727
804,0.567743,1.2224548655932488,0.56101775,0.13638544722820184
805,0.5677513,1.2224154829251057,0.56146437,0.13638948308091298
806,0.5682045,1.2221945122405822,0.56098795,0.13642675603189003
807,0.56762886,1.222132552697519,0.5599458,0.13641915362762252
808,0.5660325,1.2230253144086292,0.559916,0.13645823442881233
809,0.56728643,1.2224071163013015,0.56259584,0.13625368930599885
810,0.56110466,1.2259639166905056,0.5597969,0.1364862541474529
811,0.56562895,1.2233247894215822,0.56183654,0.13632728407963246
812,0.56389534,1.2242389979276191,0.55792105,0.1364690141486759
813,0.56432045,1.2238393570332324,0.5546309,0.13668909374992283
814,0.56580925,1.2227800309609618,0.55820394,0.13647100888122524
815,0.56718385,1.2222412036016237,0.55863565,0.1364668068941021
816,0.56727153,1.2221498312726147,0.5587399,0.13644343079628998
817,0.5667141,1.2223166438242166,0.5583975,0.13648477239965462
818,0.56783396,1.2218695935593618,0.5597076,0.13643396335050192
819,0.5674684,1.2220568592544603,0.5598714,0.13646619671210497
820,0.5679547,1.221718832674222,0.55879945,0.13651612801571056
821,0.5669986,1.2223597765188214,0.55949914,0.13642201310927246
822,0.5685817,1.2216444932947705,0.55865055,0.1365054412954138
823,0.564997,1.2233633807780828,0.5610922,0.13631288821378576
824,0.5668547,1.2224044833033685,0.5600947,0.13640382059193462
825,0.5674072,1.2222017493034598,0.5603627,0.1363658254214229
826,0.56720376,1.222276962451052,0.5605115,0.13633660281455154
827,0.5665652,1.222562388119794,0.55868036,0.13642853000455374
828,0.56785053,1.2219144396035642,0.5598565,0.13634286848088314
829,0.5658473,1.2227602203017174,0.56000537,0.13629757634594925
830,0.5680904,1.2215745720874251,0.56073487,0.13625063324248213
831,0.56727153,1.2218572836050439,0.55891854,0.1363561783517647
832,0.56727487,1.2220991046958483,0.56186634,0.13619217805611378
833,0.5680507,1.2215091290854978,0.5617919,0.13620608474953072
834,0.5686131,1.2214103056693775,0.5614941,0.13625417304665924
835,0.5651459,1.2233268453933512,0.5628043,0.13615049778894225
836,0.56208396,1.2252986913515682,0.55744463,0.13646765495826188
837,0.55793023,1.2276972634413295,0.56201524,0.1361623914990404
838,0.56776285,1.2220660541928492,0.5636827,0.1360333366353215
839,0.5699861,1.2207130427493698,0.5629532,0.13612253277906255
840,0.57117546,1.2199552521630168,0.56493324,0.13600215514383632
841,0.5703699,1.2206436282553583,0.56337,0.13612264417149544
842,0.5718306,1.2197605378913186,0.56345934,0.13606730134845602
843,0.5721564,1.2195947507111877,0.5640102,0.1360659983133486
844,0.57276183,1.2191668001266227,0.56348914,0.13608162800379967
845,0.5718934,1.2196834874126994,0.5637124,0.13608956125466082
846,0.5734368,1.2188690532958366,0.56478435,0.13605100524294905
847,0.5722474,1.2194525817015278,0.56234276,0.13613632557281183
848,0.57396615,1.2186659321581712,0.56395066,0.13612761402776183
849,0.5740538,1.218573272116605,0.56144947,0.13622192917045925
850,0.57317704,1.2191396895215216,0.5617621,0.13618697295338647
851,0.57351786,1.2186551798541363,0.56055623,0.13627413547732212
852,0.572254,1.2195556993464247,0.55546457,0.13663250271281874
853,0.56329817,1.2250649583400903,0.562968,0.13622568310089406
854,0.57167673,1.220103973942939,0.55876964,0.13647574869126308
855,0.560974,1.2255830516808537,0.56083906,0.13634180469913298
856,0.5686925,1.2218485588069816,0.5613006,0.13627003707350527
857,0.57285947,1.2191487585418719,0.5614793,0.13623451569668948
858,0.57340866,1.2187577516399282,0.5592014,0.13635576421814594
859,0.57460135,1.2182577839528923,0.56074977,0.1362774429023167
860,0.5738751,1.2185345908622176,0.559782,0.1363050516433151
861,0.5743499,1.2182133122488101,0.56071997,0.13628865542313146
862,0.57449216,1.2184021801002676,0.5587548,0.13632563074050139
863,0.57507277,1.2179984501804424,0.55964804,0.136314054918119
864,0.57510424,1.2180619853465573,0.55929077,0.1363298973639977
865,0.57462615,1.2180539059736375,0.560452,0.13629446408660556
866,0.5745997,1.2182873283243238,0.55942476,0.13635001576472106
867,0.57507116,1.217991534477983,0.5583528,0.13636201161971398
868,0.5736419,1.2187280717817084,0.56074977,0.13636778655321527
869,0.57280654,1.219124480787753,0.5558368,0.13662337862545884
870,0.55691624,1.228584413321427,0.54584706,0.1373429603168939
871,0.52763516,1.2458014789275553,0.55443734,0.13681845051498195
872,0.55890954,1.2279486548037666,0.5578466,0.13646717224447005
873,0.5628002,1.2251941173658116,0.5597374,0.13642955613809457
874,0.56948984,1.2210455095449537,0.56071997,0.13623046721823748
875,0.57111263,1.220238935274407,0.5642782,0.13606494423308987
876,0.5712416,1.2200748847086729,0.56332535,0.13611544908504156
877,0.57193476,1.2197413240742376,0.5636975,0.1361165056672496
878,0.5699034,1.220733891988702,0.5500305,0.136863777287193
879,0.55052936,1.2321251104330706,0.5581295,0.13659526842330577
880,0.5671508,1.2227501356183013,0.55891854,0.13646217837327662
881,0.5679233,1.221930386612346,0.5546755,0.13663285385461985
882,0.57064116,1.2207582360874045,0.55942476,0.13639364547685015
883,0.56988686,1.2208696347385515,0.56086886,0.13627561680234881
884,0.57087606,1.2206004408529436,0.5583975,0.1364692138349407
885,0.5708628,1.2206375866137278,0.5602287,0.136335845895091
886,0.57163036,1.2200726144205527,0.56110704,0.13624136127130532
887,0.57222754,1.2197319750987763,0.56101775,0.13630477714541406
888,0.57206213,1.2198910038665602,0.5614197,0.1363095744960383
889,0.57262784,1.2195428498861764,0.56086886,0.13636745708457554
890,0.5720257,1.219813472968223,0.5613602,0.13632247370508455
891,0.5722871,1.2196424968785304,0.56070507,0.13635982353766768
892,0.57123834,1.2202144903870593,0.559127,0.13644888476636308
893,0.5718669,1.2198909066723294,0.5598565,0.13637966224539644
894,0.5721134,1.219644538605959,0.5599309,0.13640855625116086
895,0.5714286,1.2200547356074276,0.5626256,0.13625474272555413
896,0.57319856,1.2193503793569294,0.56015426,0.1363567958143645
897,0.5705105,1.2205433638306789,0.56307226,0.13622864370350218
898,0.57327634,1.2192303788897503,0.56235766,0.1362434981824739
899,0.57098526,1.220348265724535,0.560452,0.13635651393782264
900,0.57317704,1.2193174403205218,0.56271493,0.1362541859001612
901,0.5734798,1.2191007986846965,0.5611964,0.13636924190426797
902,0.57268745,1.219473953718627,0.56229806,0.13632178442926834
903,0.5729306,1.2193242279097503,0.56173235,0.13632954084958127
904,0.5723615,1.219763534620651,0.55850166,0.136552433552564
905,0.5724641,1.219781416256564,0.558591,0.13649197661183593
906,0.57273537,1.2197029637852002,0.5606158,0.13644829850291104
907,0.5727999,1.219604257037112,0.55865055,0.1365054063681349
908,0.5716651,1.2199841645021445,0.5609284,0.1364025177452566
909,0.5722855,1.2198333799144734,0.5593205,0.13652439074304454
910,0.5721564,1.2196970320355285,0.56112194,0.13645369586393422
911,0.5733607,1.2192792002226764,0.5597374,0.13651712870070692
912,0.5723003,1.2197758119265933,0.55969274,0.13654681891753181
913,0.5722044,1.2198949056275137,0.55869526,0.13660520526574704
914,0.5709985,1.2205684252679772,0.5607944,0.13643113706356136
915,0.5633345,1.2248850343829834,0.5604371,0.13648869722584045
916,0.5507775,1.2334697394460712,0.55705756,0.1366121590968476
917,0.5555548,1.2300286989134712,0.5573851,0.13662756871772125
918,0.564868,1.2240268918975996,0.5638464,0.13616495564099867
919,0.5705171,1.2206226948665395,0.5625512,0.1362214066149501
920,0.5719166,1.2198073636558158,0.5621194,0.13623116562630275
921,0.5717677,1.2201884707109822,0.56128573,0.13626594376636347
922,0.57223415,1.2197691804315578,0.56217897,0.13627887399588673
923,0.57192814,1.2200836254876786,0.56113684,0.1363127861885146
924,0.57109606,1.2205728283348583,0.56070507,0.13642162275530748
925,0.5694981,1.2213462237894221,0.5564323,0.13668810234103132
926,0.56094754,1.2256987498595906,0.5629978,0.13621022832246468
927,0.5701995,1.2208179249290847,0.5623725,0.136277078296609
928,0.57214814,1.2197589982386547,0.5602287,0.13640509737154125
929,0.5731456,1.2193848487521894,0.5597969,0.13640994881223703
930,0.5729356,1.2193950028450136,0.56070507,0.13634400647719344
931,0.5729273,1.2193883722575836,0.56197053,0.13628477489944124
932,0.5732813,1.2193648830830985,0.5613304,0.13634999905969242
933,0.572699,1.219694428444913,0.5607795,0.13635445485951206
934,0.5729521,1.2195235944624503,0.56185144,0.13631415386555004
935,0.57344174,1.2191941710961356,0.56156856,0.13629717373479372
936,0.5724029,1.2199323033366456,0.56200033,0.13628204192743854
937,0.5725369,1.2196071972361335,0.5622088,0.1362444551831648
938,0.57230365,1.220061522053607,0.56158346,0.1362825489236901
939,0.5727172,1.2196211497343978,0.56115174,0.13632836867289094
940,0.57230693,1.2197324362177573,0.5611964,0.1362824506260469
941,0.5734616,1.219170584830878,0.56085396,0.13631988523725388
942,0.57269406,1.2195746177760587,0.56074977,0.13631809219225619
943,0.571508,1.2203124333920923,0.56115174,0.13632976407118902
944,0.5719662,1.2202197220234305,0.5609582,0.13630866876043193
945,0.5722458,1.2198941798346907,0.56010956,0.13637938656050663
946,0.5722358,1.2199541044911233,0.5598565,0.1363908630326316
947,0.57332426,1.2194089315176997,0.5623725,0.13621587981968164
948,0.57241946,1.2197187383606718,0.5619408,0.1362741554001321
949,0.5738437,1.2191631537978094,0.5619408,0.13625488311883666
950,0.57163537,1.2203582201905616,0.5621343,0.13625347093595497
951,0.5724558,1.2200033219979227,0.5628043,0.13614783676711378
952,0.57190496,1.2202525893929854,0.5622385,0.136165609250284
953,0.572656,1.2198526560519152,0.5635635,0.13616765582439108
954,0.57253027,1.219862457618023,0.56390595,0.13612735815724336
955,0.5724327,1.2199485675207304,0.56403995,0.1361192302784037
956,0.5727569,1.2195942601150933,0.5641442,0.13608538429746284
957,0.5726312,1.2198260398139376,0.5655734,0.1361032401698446
958,0.5691557,1.2215524376365376,0.5644866,0.13614705929860219
959,0.56772643,1.222570877660016,0.56524587,0.13606404354007198
960,0.5679002,1.2225172962914426,0.5659307,0.13598031758485546
961,0.57276684,1.2198385561480511,0.5650225,0.1360902999579212
962,0.5723864,1.2197173384164262,0.56342953,0.1361287953178575
963,0.5739082,1.21892363975172,0.5647248,0.13609128338787857
964,0.57358897,1.2193163909197888,0.5631169,0.13622902400850379
965,0.57338715,1.219272785611431,0.56234276,0.13625623964437203
966,0.57488257,1.2185450886253624,0.56420374,0.1361584321156316
967,0.5752961,1.2182176518229297,0.5639804,0.13615251028767278
968,0.5752432,1.2183373483188584,0.5628043,0.13622963240237884
969,0.5762638,1.2178638267516229,0.5636975,0.13619843197756984
970,0.5747783,1.2185353238477996,0.5607795,0.13637503862137804
971,0.57654005,1.2176585803331321,0.56289357,0.13625089561752754
972,0.57622576,1.2177612247405467,0.561777,0.13630298035013313
973,0.5687091,1.222160422934857,0.560318,0.1363544869876487
974,0.56842947,1.2219419972746273,0.5606753,0.1363375445485778
975,0.5720803,1.2198305763707733,0.5582933,0.13646578515447125
976,0.57176274,1.2201990525429767,0.5578913,0.1364869642041425
977,0.5732962,1.219194283580257,0.5555092,0.13660337166343375
978,0.5739711,1.2188964330105532,0.555673,0.1366187446406204
979,0.57362205,1.219099391133415,0.5545415,0.13675326036047344
980,0.57365346,1.2188140254864475,0.555807,0.13666953180801922
981,0.573493,1.2193251797288545,0.55279964,0.13685269525626087
982,0.5743284,1.2187237453245383,0.5530379,0.13683469719944352
983,0.5738139,1.2190396842742734,0.5545266,0.13671399497095363
984,0.57178754,1.2202732598436776,0.5528592,0.1368185384358973
985,0.5565672,1.229080237380321,0.5112775,0.13928368444659653
986,0.50780785,1.259548925709896,0.54133606,0.13783878208807318
987,0.54192084,1.2387545640474973,0.5509982,0.13703441814854966
988,0.5503391,1.2332528926729638,0.55501795,0.13670001501589257
989,0.5547079,1.2304153907981181,0.5584421,0.13645587053002722
990,0.55742574,1.2284438983677286,0.5590228,0.13643666029552592
991,0.55807084,1.227950297511522,0.5599607,0.13632488530131967
992,0.56251734,1.2252343595723352,0.56171745,0.13622293859269152
993,0.5626696,1.2250898988662358,0.563236,0.13616556907038985
994,0.56465954,1.2242712558085678,0.56451637,0.13605500195567388
995,0.56539404,1.2235831840627034,0.56289357,0.1361275739121844
996,0.56749654,1.222611848450327,0.5660052,0.13595973299711414
997,0.5643403,1.2242090726007602,0.561375,0.13618603770548718
998,0.5649044,1.2240069284910249,0.56110704,0.13623183305276312
999,0.55853903,1.228035644429044,0.5592312,0.13641481132980676
1000,0.56221795,1.2261429651651203,0.5622534,0.13616472031548205
1001,0.5679465,1.2223291205062983,0.5594396,0.13637513509283927
1002,0.5510355,1.2322476416750683,0.55891854,0.13639359855689429
1003,0.5635959,1.2251990071198775,0.5623874,0.13616389973745033
1004,0.5688166,1.22177099560196,0.5610326,0.13618993029764137
1005,0.56654704,1.222789851848473,0.56146437,0.13620701500694707
1006,0.56861806,1.221670643356547,0.56476945,0.1359894983322416
1007,0.57194465,1.2199979020144318,0.5636975,0.13606832255439638
1008,0.5739314,1.218898568404298,0.5648439,0.13604409643392826
1009,0.5742159,1.2188382268383422,0.5635338,0.1360628725123818
1010,0.5750066,1.2183860319045094,0.5628192,0.1360913008407015
1011,0.5752779,1.2183347285076083,0.56304246,0.13611638890669836
1012,0.57580227,1.2181105753132468,0.5628043,0.13611526782015013
1013,0.5762373,1.21772654070379,0.56390595,0.13611212017219684
1014,0.57699335,1.21746354000723,0.562968,0.1361403897101285
1015,0.57588995,1.2179376152536725,0.5647099,0.13609379050656556
1016,0.5771703,1.2173493357717446,0.56415904,0.1361129452727839
1017,0.5774383,1.2171588939307603,0.5636231,0.13618511382315604
1018,0.57702804,1.2173096878363325,0.56217897,0.1362442777252304
1019,0.5731456,1.2196933401655492,0.56274474,0.13615335538739962
1020,0.5755939,1.2181205458303936,0.5625363,0.13621393567212686
1021,0.5756981,1.2179434112903678,0.56302756,0.1361902391832075
1022,0.57712895,1.2172204457279012,0.56289357,0.13616854816783255
1023,0.57642424,1.2174927210771336,0.56249166,0.1362301134315584
1024,0.57719016,1.2172736942232167,0.5625214,0.13620628122654851
1025,0.5781529,1.2168350297479387,0.5609135,0.13630110019606168
1026,0.5780255,1.2167281774435568,0.56143457,0.13628339293250505
1027,0.57822734,1.2166984754131893,0.56101775,0.13625895516890857
1028,0.5783564,1.2166330087652775,0.5609284,0.13631943704707455
1029,0.57819426,1.2166772492633184,0.5609433,0.1363001336300447
1030,0.57740855,1.2170843684109818,0.56083906,0.13630798078355355
1031,0.57777244,1.2169620859910153,0.56071997,0.1363392221036331
1032,0.57794446,1.2168234725148828,0.5606902,0.13635674054315622
1033,0.5780173,1.2168222876964607,0.5603478,0.13640447638786557
1034,0.5791157,1.2163133384270381,0.5624023,0.13618382192430648
1035,0.57591146,1.2177464952496582,0.559782,0.13641335805168747
1036,0.57850856,1.216393480506608,0.5627894,0.13614359640364299
1037,0.57654834,1.2174616188737966,0.560318,0.13639081576456985
1038,0.5781678,1.2166923126848692,0.56128573,0.1363359159295161
1039,0.5753838,1.2180610570045571,0.5610773,0.13630918731548314
1040,0.57636803,1.2177269748102086,0.56115174,0.13631188370107888
1041,0.57690567,1.2172207651176676,0.5626256,0.13620494370834496
1042,0.5763465,1.2174938120000083,0.5609284,0.13631198394636213
1043,0.5766856,1.217405602491878,0.56013936,0.13633209114524306
1044,0.57698834,1.21708381706022,0.5622237,0.13622775626004935
1045,0.5697429,1.2211564648375837,0.52862185,0.13850002953426993
1046,0.4898035,1.272247413635124,0.5116348,0.13964127486602398
1047,0.51959074,1.253018985231961,0.523292,0.1387523255038527
1048,0.53036624,1.2460867160049218,0.5360955,0.13787496287546075
1049,0.54168594,1.2387532914937325,0.5439712,0.13739579023769424
1050,0.5454625,1.236191341877293,0.5504325,0.13710861333569388
1051,0.55097765,1.2332793138185578,0.5532165,0.13689904838608127
1052,0.5543208,1.2312256870410083,0.55588144,0.13665512123553442
1053,0.5554837,1.2302436415469271,0.55940986,0.13643855059948332
1054,0.5594918,1.228075432228125,0.55674493,0.13651079934224913
1055,0.55395854,1.2307451303068013,0.55940986,0.1363700026892572
1056,0.55872595,1.2285120098519384,0.55999047,0.13634699032780137
1057,0.5603024,1.227245485159135,0.5616877,0.1362764033982044
1058,0.56315756,1.2255526615349859,0.5613304,0.13624915130813248
1059,0.5646331,1.2247913618196282,0.56112194,0.13622150931462165
1060,0.56262654,1.2255294058901696,0.5612262,0.1362478092014443
1061,0.56516576,1.2244032728877574,0.5621939,0.1361528214079527
1062,0.56374645,1.2247809961679454,0.5574,0.1365015583292731
1063,0.5603454,1.2271173626582195,0.5584719,0.13632786570014482
1064,0.5581503,1.2275258157131934,0.5626554,0.1361297002726653
1065,0.5649987,1.224385517052098,0.55720645,0.13656450819717814
1066,0.5622163,1.2260010033759179,0.5621939,0.13622512790617342
1067,0.5654635,1.2237727273971648,0.56463546,0.13601725197028167
1068,0.56403756,1.224715117059026,0.5611964,0.13622429763319963
1069,0.5647489,1.2238122739353536,0.5626554,0.13614282426343854
1070,0.56785053,1.222545175731876,0.5629829,0.13608053990043634
1071,0.5687173,1.221817774748552,0.5606902,0.1362490210060255
1072,0.56698537,1.2226393065284107,0.56640714,0.13593658594367872
1073,0.57100016,1.2208242494660826,0.5652161,0.13596555613229774
1074,0.57140374,1.2202378802369096,0.5653203,0.13596399965604347
1075,0.57276183,1.2195917665510212,0.5626703,0.13616878397903492
1076,0.56524515,1.2239974188435956,0.5639655,0.13604018176335753
1077,0.5719397,1.2201205719954968,0.5660647,0.13594155593143917
1078,0.5736386,1.2188174448024494,0.5663178,0.13590530917863664
1079,0.57451695,1.2184548901575807,0.56539476,0.13593943183824445
1080,0.5745732,1.218339768644425,0.56566274,0.13597137147175062
1081,0.57493055,1.2182789055285719,0.5655883,0.13595898559309685
1082,0.5753441,1.218005944925741,0.5659307,0.13595567110219772
1083,0.57551444,1.2179524259597503,0.5658712,0.1359542832989898
1084,0.5757808,1.2176536672868177,0.5653054,0.13598653806398692
1085,0.5765715,1.217337244173088,0.5651417,0.13598699656326108
1086,0.57580227,1.217836600135944,0.5667495,0.13592456595686894
1087,0.5745269,1.218683691905403,0.56636244,0.13594559025571992
1088,0.575493,1.217874734399081,0.5631169,0.1361236542573116
1089,0.57329947,1.2192724692324142,0.5674344,0.13592978716049622
1090,0.5749785,1.2183221376115219,0.5670175,0.13587375354893574
1091,0.57766163,1.2167934135955618,0.56523097,0.13596886202451156
1092,0.5775789,1.2168949769524429,0.5651417,0.13600039473740827
1093,0.5778717,1.2167234115595378,0.56636244,0.13594841810900815
1094,0.57834977,1.216504171048309,0.5648588,0.13600056077642486
1095,0.5761927,1.217684656795567,0.56652623,0.13590408694412853
1096,0.5771769,1.2170704019203027,0.56478435,0.13601528994661732
1097,0.57767487,1.2168286100477756,0.564829,0.136011111803845
1098,0.5779792,1.2167895317402466,0.5649779,0.13603962163713373
1099,0.5769867,1.217411387423735,0.56597537,0.13597800917285235
1100,0.57747304,1.2170690511924007,0.56345934,0.13610593424922257
1101,0.578191,1.2165331374164285,0.5644419,0.13605162097749615
1102,0.5784259,1.216419532023617,0.5645908,0.1360634212020644
1103,0.5784804,1.2164159617020225,0.56403995,0.1360909868539475
1104,0.57942665,1.2160153139529135,0.56466526,0.13604622127439428
1105,0.5753292,1.2178617795019187,0.5553306,0.13662737377504133
1106,0.55039865,1.2330655142468263,0.5629532,0.13620987270107718
1107,0.56522197,1.2241036764707034,0.5595885,0.1363559870082021
1108,0.5598756,1.2269653997804573,0.55940986,0.13622417482390128
1109,0.55508834,1.23005680733629,0.56272984,0.1360812095174569
1110,0.5706379,1.2208785630139989,0.56450146,0.13599870715184503
1111,0.5747717,1.2186580164323422,0.5656032,0.1359564335603052
1112,0.5760835,1.2177527928348248,0.56649643,0.13590110476898837
1113,0.5766542,1.217617831212,0.56636244,0.13591625474233204
1114,0.5779693,1.2166694333620456,0.56683886,0.13592344108434296
1115,0.5776368,1.2170219349268947,0.56727064,0.13589838658788173
1116,0.57868886,1.21633551560689,0.5670175,0.13593084227645105
1117,0.578803,1.2163566049940508,0.5673302,0.1359080740263746
1118,0.5789949,1.2161897012213485,0.5668984,0.13594791758954092
1119,0.57962185,1.2160342227225749,0.5673004,0.13588796396092048
1120,0.5797906,1.2157847858769322,0.56773216,0.1359147546454251
1121,0.57957554,1.2158785587637504,0.56670487,0.13593833287969045
1122,0.5797443,1.2156927561646018,0.5662136,0.13597631282086445
1123,0.5794945,1.2158872392720352,0.56698775,0.13593325681790694
1124,0.57962847,1.2159120942325456,0.5670175,0.1359313187801354
1125,0.57914877,1.2160350264579585,0.56493324,0.13600037330953238
1126,0.57702804,1.217310539735727,0.56128573,0.13630017826237695
1127,0.56622446,1.2239996892053158,0.5639655,0.13600098570239144
1128,0.56883645,1.2221932473374046,0.5650077,0.13597993387949114
1129,0.574426,1.218882091111446,0.5660052,0.13596978245591174
1130,0.57740027,1.2170001023114658,0.5664518,0.13597312088596283
1131,0.57846886,1.2163657410625897,0.5659456,0.13595805428350605
1132,0.5789585,1.216160063877633,0.5660796,0.1359704700570962
1133,0.57853836,1.216295464925215,0.565097,0.13604936680807755
1134,0.5767617,1.217470715001229,0.56405485,0.13614950200044393
1135,0.5713111,1.220600925658037,0.56337,0.13611115281500857
1136,0.57694536,1.2172658002344656,0.5642782,0.13604140652502972
1137,0.5776252,1.217013879882391,0.5642782,0.1360600268058374
1138,0.57772946,1.217039359806761,0.5635338,0.13616686837410535
1139,0.5781678,1.2165704739769658,0.56406975,0.13612047813273773
1140,0.57879806,1.2160756392188028,0.56627315,0.1359887772006076
1141,0.57642263,1.217380932390511,0.56389105,0.13605876769831612
1142,0.5723549,1.2197171171447247,0.5651268,0.13601795087648155
1143,0.56897044,1.222425818188393,0.56344444,0.1361064478634082
1144,0.5719695,1.2203071224145718,0.56405485,0.13601811184569404
1145,0.56783897,1.2226931543662583,0.560586,0.13623737083250154
1146,0.5605108,1.2265337984840488,0.560586,0.13630431038083726
1147,0.5718471,1.2198791086032448,0.56537986,0.13597204186050443
1148,0.5749189,1.2182152247920373,0.5656925,0.13599876922065657
1149,0.5766294,1.2173251155363058,0.56536496,0.1360174862947151
1150,0.57669723,1.2173368908485638,0.5656032,0.13600770647343502
1151,0.5767005,1.217319918353315,0.564963,0.13604085089958554
1152,0.57620096,1.2175511044452854,0.5654245,0.1360317312562443
1153,0.57649046,1.2174041138838911,0.5657074,0.13600241772233146
1154,0.5763002,1.2175132186998274,0.5650225,0.13605114128186727
1155,0.57678324,1.217479901785876,0.5629829,0.1361785561475367
1156,0.5762638,1.2176853464394857,0.56159836,0.13627568576207888
1157,0.57712066,1.2170302754165179,0.56256604,0.13623321130040367
1158,0.5733425,1.219296935617973,0.55966294,0.13642789833845462
1159,0.5765533,1.2173885479355164,0.56110704,0.1363120228628862
1160,0.57411003,1.2187879232920633,0.55909723,0.136443297053086
1161,0.5757576,1.2178335708041959,0.5582635,0.13648355956209138
1162,0.5699646,1.2213117064234384,0.56329554,0.1361374776072594
1163,0.5760901,1.217572907435577,0.5592014,0.13641398006835315
1164,0.5737114,1.218902665672166,0.55658114,0.13649195063100356
1165,0.57424235,1.2181108885413503,0.5567896,0.13651250381483596
1166,0.5753904,1.2179122729805365,0.55720645,0.13650674964331677
1167,0.5748743,1.218031347695152,0.5577275,0.13646832992490174
1168,0.5753292,1.2180441366219132,0.55719155,0.13646793868307838
1169,0.57558227,1.2180008309826025,0.55817413,0.13641276478280834
1170,0.5755856,1.2177772423101538,0.5580104,0.1364464607778933
1171,0.5755624,1.2179285330553247,0.55909723,0.13639762170331124
1172,0.575713,1.2177165146253026,0.5618068,0.136201061711036
1173,0.57478994,1.2184209327844209,0.561911,0.1362009925753809
1174,0.5774135,1.2169349083617518,0.5616281,0.13621672371939628
1175,0.5782687,1.2163515266339024,0.56234276,0.1361961095188872
1176,0.5780735,1.2164968539874619,0.56331044,0.13610505259489256
1177,0.57857805,1.216120022797165,0.561509,0.13622745274285908
1178,0.57755077,1.2166335500203627,0.5631467,0.136160591491117
1179,0.5786062,1.216126359469083,0.56201524,0.13621048025619611
1180,0.5788576,1.215918873051023,0.5623725,0.13618995911369086
1181,0.57959867,1.2156720058043107,0.561643,0.13623204820310403
1182,0.57899326,1.2159180934574882,0.561643,0.1362164128357724
1183,0.5799543,1.2154556194142487,0.5622385,0.13619564932583644
1184,0.579516,1.2157097180802277,0.5624023,0.13616714046460462
1185,0.57936376,1.215822789748791,0.5617621,0.13621898447368522
1186,0.57972604,1.2154475652797594,0.5626703,0.13616979444894864
1187,0.5785913,1.216267771422503,0.563102,0.13609930967339887
1188,0.5786442,1.216140538056705,0.5627894,0.13618665090634063
1189,0.57820255,1.21651915730349,0.564561,0.1360335187299394
1190,0.57766324,1.2170844167377237,0.5621045,0.13622158922903063
1191,0.57441276,1.2185635206023677,0.5622534,0.13618275029926852
1192,0.5672004,1.2232060314811786,0.5603478,0.13635299260904207
1193,0.55984086,1.2270164722995056,0.56488854,0.13598187639661927
1194,0.5691408,1.221531578170431,0.5636678,0.1361642577890811
1195,0.5750232,1.2183228982868364,0.5604371,0.1363168332224138
1196,0.57664263,1.2170681393874958,0.5625512,0.13619581177659185
1197,0.5778055,1.2167657080192946,0.5621343,0.13625059285838942
1198,0.57780224,1.2166298224243774,0.56244695,0.13621379941813413
1199,0.57832164,1.2163895913867084,0.5608242,0.13636060133364658
1200,0.5777377,1.2167834273379867,0.5600351,0.1363692841217814
1201,0.57818764,1.216538240828377,0.5603627,0.13636466272841563
1202,0.5781595,1.2166272714773507,0.5603478,0.13635728972964217
1203,0.5782952,1.2164096866049572,0.55876964,0.1364790241905049
1204,0.5781116,1.216848861370931,0.56146437,0.1362732780020926
1205,0.57683283,1.2175267033562247,0.5593205,0.13639264787167887
1206,0.577875,1.2167919418080393,0.56039244,0.13637135748639517
1207,0.57698506,1.217302713262058,0.5597076,0.136377278071567
1208,0.57837623,1.216681399412945,0.5613155,0.13626152600151722
1209,0.5734384,1.2190624599709565,0.560586,0.13631644204277557
1210,0.57755077,1.2172780447438813,0.55710226,0.13650360572448514
1211,0.56765205,1.222757393099354,0.56170255,0.1361964252089744
1212,0.5689489,1.2219053406863718,0.56417394,0.13601536580335966
1213,0.5722904,1.2196526896323552,0.56527567,0.13596843140060189
1214,0.5760653,1.2175135372122272,0.5636975,0.136115527832407
1215,0.57680476,1.2172377443332034,0.56406975,0.13613476408181074
1216,0.5774846,1.2167884465004135,0.56406975,0.13615290155741705
1217,0.5767733,1.21724474082098,0.564695,0.13606756174235393
1218,0.5782356,1.2163147076172973,0.56435263,0.13608363606042523
1219,0.57818764,1.2163942948654827,0.56526077,0.1360281747289397
1220,0.5779941,1.216546278030639,0.564963,0.1360278520781733
1221,0.5780553,1.2167763176754791,0.5644568,0.1360427357329965
1222,0.5777261,1.2169484070110077,0.5648737,0.13597657764621324
1223,0.578277,1.2164489707140695,0.56307226,0.13615619602680643
1224,0.576325,1.217160478605397,0.5643824,0.1361433691880395
1225,0.57582545,1.2179990835695582,0.5643675,0.13602835958910126
1226,0.57501155,1.218266867979637,0.5638315,0.13614638727049114
1227,0.57569146,1.2179286396534181,0.56451637,0.13606171393831898
1228,0.5768792,1.2176552618467278,0.56329554,0.1361486503979533
1229,0.5779395,1.2167631040935172,0.5651863,0.1360549284045827
1230,0.5771389,1.217256712347434,0.56481415,0.13604752790159025
1231,0.5769768,1.2170711518826143,0.56395066,0.1360806820484959
1232,0.57093394,1.2207749503904848,0.5653352,0.1360375019059343
1233,0.57461786,1.2183465198903214,0.5671664,0.13599758356107328
1234,0.57580227,1.2181839826836984,0.56610936,0.13611956852951063
1235,0.57315224,1.2196768509992117,0.5669282,0.13597458675451668
1236,0.5752878,1.2183167506144843,0.56710684,0.13599530770452692
1237,0.57616955,1.2177007663931476,0.56758326,0.13599875631120978
1238,0.57630515,1.2177619634662247,0.5683723,0.1359776428429748
1239,0.576282,1.2178406827762571,0.5660052,0.13609706224577742
1240,0.5710878,1.220541013578568,0.5657372,0.13612228453058442
1241,0.571986,1.2202333282163582,0.56317645,0.13620655986162758
1242,0.5573596,1.2291830794245464,0.55969274,0.13650075138899287
1243,0.54558325,1.237264198460608,0.5590376,0.13649434970125948
1244,0.56344706,1.2254764730749566,0.5627894,0.13609572276238172
1245,0.56690925,1.223608708790275,0.5637124,0.13613962607613406
1246,0.5698769,1.2216487760238937,0.5670771,0.1358723335723321
1247,0.573455,1.2191783335857023,0.56596047,0.1359692632202436
1248,0.5745203,1.2185945777344753,0.5656032,0.1360280773728492
1249,0.5743896,1.2188185404139744,0.5665709,0.13595183909546577
1250,0.5744971,1.218679804164757,0.5643228,0.13608688788891152
1251,0.57368654,1.2189735055545654,0.5643824,0.13606840171190618
1252,0.57450044,1.218613028228927,0.56232786,0.13618122747969225
1253,0.5734153,1.2191588754555198,0.56322116,0.13610354694870436
1254,0.5748081,1.2185974293826594,0.5621492,0.13620775887345368
1255,0.5740174,1.2189859436261714,0.562834,0.1361199978843369
1256,0.5754284,1.2181337413211675,0.5637273,0.13612773728929392
1257,0.5748478,1.2184595408693384,0.5640995,0.13609755286890124
1258,0.5760653,1.2178241275219532,0.56488854,0.13609952817282897
1259,0.5744806,1.2185912551443527,0.5651268,0.13601390309931677
1260,0.57656324,1.2174792630113511,0.5643228,0.13602363302527654
1261,0.57474196,1.218485894952987,0.5645908,0.13604652331363126
1262,0.5740935,1.2188068274230919,0.5650077,0.13598564149848744
1263,0.57406867,1.2189226348280287,0.5665858,0.13591891044073862
1264,0.5762473,1.2178015226544698,0.5672855,0.13588549477323353
1265,0.57664925,1.2174565684670977,0.56654114,0.1359095214747199
1266,0.57709587,1.2172047267201096,0.5663327,0.13593255973721546
1267,0.5778436,1.2167879060409175,0.5672855,0.13589195246943822
1268,0.57846224,1.2166063834348262,0.5671962,0.1358958510849227
1269,0.57877487,1.2163581998024,0.56683886,0.13591272760182493
1270,0.5792629,1.216079488235942,0.5655734,0.13599182786404773
1271,0.5790892,1.2162183362068464,0.5669282,0.13592122672209217
1272,0.5793985,1.2160366026471148,0.5676577,0.13589379758516928
1273,0.57886755,1.2163177472801656,0.5678066,0.13587827290191498
1274,0.5786161,1.216288315398434,0.56712174,0.13586929825943816
1275,0.5790214,1.2161383961696854,0.56695795,0.13592852826822777
1276,0.5791471,1.2160466052354393,0.56846166,0.13586671966896452
1277,0.57932574,1.2160185412856683,0.5669133,0.13593605057710167
1278,0.5794465,1.2159867450267918,0.5673451,0.13591028242459183
1279,0.57777244,1.2167938308525452,0.5680597,0.13587914671202217
1280,0.5773209,1.216772232062262,0.56700265,0.13588799632000778
1281,0.57964337,1.2157535682360314,0.5666751,0.13590719050472017
1282,0.57456,1.218601486939159,0.5653501,0.13592772171407766
1283,0.57861775,1.216369494415945,0.56612426,0.13602986991119376
1284,0.57928437,1.2160095938593463,0.5651565,0.1360724851916292
1285,0.5789602,1.2160957526519203,0.56454617,0.13610667180938235
1286,0.5792877,1.2158212977618645,0.56454617,0.13611912688545236
1287,0.5784424,1.2164508164654082,0.56770235,0.13590919462547396
1288,0.5776252,1.2167661725324297,0.5666751,0.13597840361303487
1289,0.57945806,1.2157416885674661,0.56596047,0.13596602740335959
1290,0.57934725,1.2157140306829275,0.56637734,0.13598580740216276
1291,0.5800172,1.2154816804100517,0.5671664,0.13597888268950287
1292,0.5792348,1.2158200384603313,0.5647397,0.13608896529584277
1293,0.57937706,1.2157675413378337,0.55882925,0.1364891963512716
1294,0.5691408,1.2223446166972975,0.5623725,0.13626722604728225
1295,0.5782058,1.2166585417882123,0.56493324,0.13605177094878737
1296,0.57917356,1.2159968159600834,0.56258094,0.13624413234215038
1297,0.5789502,1.2160732517755342,0.56331044,0.13616474556880606
1298,0.57509923,1.218468874264947,0.56613916,0.13603099435330923
1299,0.5739694,1.2189051585360562,0.5621939,0.13621756631188836
1300,0.5769123,1.2171788133805008,0.56478435,0.13602207840670685
1301,0.57743335,1.2170818990094248,0.56478435,0.13606331602032537
1302,0.5784953,1.2164934437715407,0.56524587,0.13607074171516595
1303,0.5778717,1.2168099656514078,0.5656032,0.13601039838795892
1304,0.5782869,1.2166458911080775,0.5648588,0.13607065991178766
1305,0.5777046,1.216946624564849,0.5646057,0.13608260822952606
1306,0.57859623,1.2165103357727653,0.56462055,0.13609547830063412
1307,0.57751274,1.2170557171373353,0.56329554,0.13617364763212578
1308,0.57785183,1.2168293750739798,0.56526077,0.1360213695868413
1309,0.57703966,1.217270342481253,0.56506723,0.1360595601368066
1310,0.5779842,1.2170853366068588,0.5665858,0.13599727730132743
1311,0.5740108,1.2189111793170249,0.5625065,0.13628990169291594
1312,0.5752382,1.2184107434430074,0.5635338,0.1361555289093579
1313,0.5625819,1.225245176460388,0.5602287,0.13641060299608979
1314,0.5561768,1.2292546625012986,0.5574298,0.13648555906315507
1315,0.5483144,1.2342391282467475,0.5563727,0.1365190813300018
1316,0.56698704,1.2227550304645176,0.5622683,0.1361021643125304
1317,0.5736336,1.2189095011933213,0.56540966,0.13603019234513442
1318,0.5747701,1.2178600429991582,0.56602,0.13592953126149424
1319,0.5758155,1.2174525026268361,0.56576693,0.13596520904929246
1320,0.57643914,1.217060517179701,0.5654394,0.13597645156555016
1321,0.57685435,1.2170182995319474,0.5656925,0.13599779205278145
1322,0.5772812,1.2167323791251667,0.56599027,0.13597554062735
1323,0.57752764,1.2165155974026538,0.56612426,0.13595720634244066
1324,0.577966,1.2165248917573446,0.5654543,0.13600337389236875
1325,0.57774764,1.2165656299894299,0.56433773,0.13602766584818013
1326,0.5769073,1.2173143274178944,0.5648737,0.13605311833804426
1327,0.57799906,1.2164471721514953,0.5643079,0.13608395462445114
1328,0.57711905,1.2170612981206659,0.5642335,0.1360945159771513
1329,0.5780156,1.2167106312517002,0.56494814,0.1360663983453613
1330,0.5773407,1.2169532082985497,0.56405485,0.13610619931785203
1331,0.5780636,1.216560215022524,0.5635933,0.13614267587295661
1332,0.57764673,1.2167679831650091,0.56200033,0.1362309107067113
1333,0.5782704,1.216469379308953,0.5619408,0.13628924910156862
1334,0.5773903,1.2170218768210004,0.56405485,0.13606167772969796
1335,0.5756352,1.2177202772953546,0.56183654,0.13624503629274493
1336,0.57753587,1.216944763997043,0.56304246,0.13624439908097408
1337,0.57760704,1.2168231380319994,0.5619259,0.1362491962314411
1338,0.5768974,1.2173292577238928,0.56289357,0.13622068318529992
1339,0.5779561,1.216675568212418,0.5626256,0.1362320592738605
1340,0.5776186,1.217019906884042,0.5637273,0.13618607250211195
1341,0.5778502,1.2167777844435004,0.5644866,0.1361594065314421
1342,0.57806194,1.216845025976305,0.56433773,0.13615120890864263
1343,0.57795274,1.2168369003186763,0.5642484,0.1361450233318447
1344,0.5779643,1.2168861186860433,0.56493324,0.13611803029501202
1345,0.5768577,1.217465410163691,0.56453127,0.13613293390710748
1346,0.57721335,1.2172853109955586,0.56450146,0.13613796922330848
1347,0.57531595,1.2183835075894938,0.5645908,0.13614350776633694
1348,0.5755575,1.217790943840959,0.5643079,0.13611536370841446
1349,0.5750513,1.2184142588413174,0.56392086,0.13618076194857565
1350,0.57485443,1.2186586338034295,0.5652905,0.1360518962836174
1351,0.5712102,1.2202328733619912,0.5673451,0.1359028805696685
1352,0.5741547,1.2187260956567154,0.5665858,0.13598194948544864
1353,0.5750529,1.2181777237063451,0.5650225,0.13602019641667099
1354,0.5759644,1.2177724523609288,0.5654841,0.13599559976679185
1355,0.5772034,1.2169766145724645,0.5667198,0.13590811335306285
1356,0.57757723,1.2170079642543967,0.56610936,0.13593807109136818
1357,0.5781463,1.216454684256801,0.56639224,0.13593884458151453
1358,0.5790776,1.2160095121022056,0.564561,0.1360767687493654
1359,0.57820255,1.216760368182431,0.5665858,0.13589821700091434
1360,0.578277,1.2165283925057853,0.56599027,0.13597888175070383
1361,0.5792794,1.216075687237452,0.5670622,0.13591270071109698
1362,0.5796334,1.2157877079544,0.5665709,0.13593942010795732
1363,0.5786558,1.2163322929637366,0.5668835,0.13596295129701305
1364,0.57943493,1.2160353887323208,0.566422,0.13596032097072208
1365,0.5786773,1.216196962522243,0.5667495,0.13594913731049474
1366,0.5798088,1.2157211422393808,0.56798524,0.13587837721871243
1367,0.5802984,1.2155797737230947,0.5674046,0.13590512854148
1368,0.5794713,1.2159172978711554,0.5681788,0.13589685032672527
1369,0.5808327,1.2153150500673624,0.5675237,0.13590228756930858
1370,0.57984185,1.2158033972018991,0.5674642,0.13590870484836082
1371,0.58065575,1.2153763763498715,0.56783634,0.13589388016974235
1372,0.5798402,1.2158336035247912,0.5667198,0.13594138342342374
1373,0.5797112,1.2158573828341235,0.5659009,0.13596945503645266
1374,0.5784705,1.2164771376064083,0.568149,0.13586748368485757
1375,0.5787402,1.2163392730786076,0.5682234,0.13585058223524815
1376,0.5748495,1.2182826981868795,0.56083906,0.13630502932742633
1377,0.56854033,1.2222489064274402,0.5657223,0.13595574779326655
1378,0.5783167,1.2166766215625058,0.5688934,0.13578602437693502
1379,0.57896185,1.2159202710118113,0.56886363,0.13574877983099934
1380,0.5792596,1.2158749524892645,0.5685212,0.13580211540100962
1381,0.5774846,1.2169195888120632,0.5688189,0.1357706109644733
1382,0.57865745,1.21613718830308,0.56886363,0.1357420618608532
1383,0.57913554,1.2160234605218558,0.5685361,0.1357793293372464
1384,0.57937866,1.2157038899435744,0.5691316,0.13575389705244015
1385,0.57927614,1.2159014355479794,0.5677917,0.13578833375072524
1386,0.57953584,1.2156185409569502,0.5681341,0.13578182011469261
1387,0.5793307,1.2157431562353587,0.56597537,0.1359377038346373
1388,0.57931745,1.215849746137733,0.56771725,0.13581950302405446
1389,0.5786045,1.2160820517672222,0.56727064,0.13582457026567538
1390,0.5787501,1.216150222734488,0.5670622,0.13586608082198476
1391,0.5794713,1.215745715067085,0.5669282,0.13587710183906518
1392,0.57821244,1.216441586534857,0.5670622,0.13587355594812464
1393,0.5784341,1.216237387071186,0.56698775,0.1358331924390724
1394,0.57790315,1.2166742317103456,0.56652623,0.1358708677291555
1395,0.5785516,1.2161869901660494,0.5657372,0.13592094853564532
1396,0.57452524,1.2183304652808136,0.56505233,0.13590834498428864
1397,0.5764987,1.2173072624681893,0.56649643,0.13589478215720505
1398,0.5784788,1.216621673108529,0.566556,0.1358483976703949
1399,0.57744324,1.216937950434209,0.56494814,0.13599999388921152
1400,0.5788113,1.2164279780084761,0.5644717,0.1360056202397443
1401,0.5795689,1.2159070793565372,0.56526077,0.13598957789234006
1402,0.57964337,1.2159674877958424,0.5650374,0.13601386397317397
1403,0.57970124,1.2158211548779365,0.5642484,0.13605532911813153
1404,0.5796251,1.2160615101525107,0.56420374,0.13604554948496786
1405,0.5792745,1.2161559546180511,0.5635784,0.13608545043449602
1406,0.578755,1.2166522629265846,0.56377196,0.1361198663569277
1407,0.57829684,1.2167851811693744,0.5626554,0.1361332238528044
1408,0.5746361,1.2189599994483897,0.540145,0.137556897001688
1409,0.510582,1.258078776255261,0.53706324,0.13812757925030336
1410,0.5354066,1.2438214763166375,0.5478122,0.13710376659474235
1411,0.55131507,1.2323675208944116,0.56052643,0.13632555094056134
1412,0.5619946,1.2260865771550578,0.56393576,0.13614144093533587
1413,0.56109476,1.2275804614673407,0.5620748,0.1361503502575301
1414,0.5665106,1.2234464528172841,0.5667495,0.13593802572564784
1415,0.5691259,1.2224538854019174,0.56596047,0.13599050637486776
1416,0.56555116,1.2242564400397544,0.5637273,0.13614031801468146
1417,0.56478196,1.224862371036788,0.5619408,0.1362886030499871
1418,0.5697281,1.2219829274026668,0.56759816,0.13586936114600273
1419,0.5741183,1.2193243412832198,0.5667793,0.13584865157531312
1420,0.57549626,1.218409676757896,0.5669282,0.13589021777735585
1421,0.5757427,1.218258604951544,0.56651133,0.13590237294640323
1422,0.5770264,1.2175411140179995,0.56785125,0.13585185250206291
1423,0.5769288,1.2175652734777243,0.5659307,0.13591932053152087
1424,0.5768974,1.2173976557839725,0.566556,0.13583967761636537
1425,0.5775789,1.2172105596273177,0.5670175,0.13584632631977836
